Using pre-set license
Built from '6000.0/release' branch; Version is '6000.0.44f1 (101c91f3a8fb) revision 1055889'; Using compiler version '193933523'; Build Type 'Release'
OS: 'Windows 11  (10.0.26100) 64bit Professional' Language: 'es' Physical Memory: 16296 MB
BatchMode: 1, IsHumanControllingUs: 0, StartBugReporterOnCrash: 0, Is64bit: 1, IsPro: 1

COMMAND LINE ARGUMENTS:
C:\Program Files\Unity\Hub\Editor\6000.0.44f1\Editor\Unity.exe
-adb2
-batchMode
-noUpm
-name
AssetImportWorker4
-projectPath
C:/Users/Lizbeth/My project
-logFile
Logs/AssetImportWorker4.log
-srvPort
50032
-job-worker-count
7
-background-job-worker-count
8
-gc-helper-count
1
Successfully changed project path to: C:/Users/Lizbeth/My project
C:/Users/Lizbeth/My project
[UnityMemory] Configuration Parameters - Can be set up in boot.config
    "memorysetup-bucket-allocator-granularity=16"
    "memorysetup-bucket-allocator-bucket-count=8"
    "memorysetup-bucket-allocator-block-size=33554432"
    "memorysetup-bucket-allocator-block-count=8"
    "memorysetup-main-allocator-block-size=16777216"
    "memorysetup-thread-allocator-block-size=16777216"
    "memorysetup-gfx-main-allocator-block-size=16777216"
    "memorysetup-gfx-thread-allocator-block-size=16777216"
    "memorysetup-cache-allocator-block-size=4194304"
    "memorysetup-typetree-allocator-block-size=2097152"
    "memorysetup-profiler-bucket-allocator-granularity=16"
    "memorysetup-profiler-bucket-allocator-bucket-count=8"
    "memorysetup-profiler-bucket-allocator-block-size=33554432"
    "memorysetup-profiler-bucket-allocator-block-count=8"
    "memorysetup-profiler-allocator-block-size=16777216"
    "memorysetup-profiler-editor-allocator-block-size=1048576"
    "memorysetup-temp-allocator-size-main=16777216"
    "memorysetup-job-temp-allocator-block-size=2097152"
    "memorysetup-job-temp-allocator-block-size-background=1048576"
    "memorysetup-job-temp-allocator-reduction-small-platforms=262144"
    "memorysetup-allocator-temp-initial-block-size-main=262144"
    "memorysetup-allocator-temp-initial-block-size-worker=262144"
    "memorysetup-temp-allocator-size-background-worker=32768"
    "memorysetup-temp-allocator-size-job-worker=262144"
    "memorysetup-temp-allocator-size-preload-manager=33554432"
    "memorysetup-temp-allocator-size-nav-mesh-worker=65536"
    "memorysetup-temp-allocator-size-audio-worker=65536"
    "memorysetup-temp-allocator-size-cloud-worker=32768"
    "memorysetup-temp-allocator-size-gi-baking-worker=262144"
    "memorysetup-temp-allocator-size-gi-baking-worker=262144"
    "memorysetup-temp-allocator-size-gi-baking-worker=262144"
    "memorysetup-temp-allocator-size-gi-baking-worker=262144"
    "memorysetup-temp-allocator-size-gi-baking-worker=262144"
    "memorysetup-temp-allocator-size-gfx=262144"
Player connection [6672]  Target information:

Player connection [6672]  * "[IP] 10.33.24.75 [Port] 0 [Flags] 2 [Guid] 1548402017 [EditorId] 1548402017 [Version] 1048832 [Id] WindowsEditor(7,AVISPON-BLANCO) [Debug] 1 [PackageName] WindowsEditor [ProjectName] Editor" 

Player connection [6672] Host joined multi-casting on [225.0.0.222:54997]...
Player connection [6672] Host joined alternative multi-casting on [225.0.0.222:34997]...
JobSystem: Creating JobQueue using job-worker-count value 7
Input System module state changed to: Initialized.
[Physics::Module] Initialized fallback backend.
[Physics::Module] Id: 0xdecafbad
Library Redirect Path: Library/
[Physics::Module] Selected backend.
[Physics::Module] Name: PhysX
[Physics::Module] Id: 0xf2b8ea05
[Physics::Module] SDK Version: 4.1.2
[Physics::Module] Integration Version: 1.0.0
[Physics::Module] Threading Mode: Multi-Threaded
Refreshing native plugins compatible for Editor in 4.12 ms, found 4 plugins.
Preloading 0 native plugins for Editor in 0.00 ms.
Initialize engine version: 6000.0.44f1 (101c91f3a8fb)
[Subsystems] Discovering subsystems at path C:/Program Files/Unity/Hub/Editor/6000.0.44f1/Editor/Data/Resources/UnitySubsystems
[Subsystems] Discovering subsystems at path C:/Users/Lizbeth/My project/Assets
GfxDevice: creating device client; kGfxThreadingModeNonThreaded
Direct3D:
    Version:  Direct3D 11.0 [level 11.1]
    Renderer: NVIDIA GeForce GTX 1080 (ID=0x1b80)
    Vendor:   NVIDIA
    VRAM:     8059 MB
    Driver:   32.0.15.6614
Initialize mono
Mono path[0] = 'C:/Program Files/Unity/Hub/Editor/6000.0.44f1/Editor/Data/Managed'
Mono path[1] = 'C:/Program Files/Unity/Hub/Editor/6000.0.44f1/Editor/Data/MonoBleedingEdge/lib/mono/unityjit-win32'
Mono config path = 'C:/Program Files/Unity/Hub/Editor/6000.0.44f1/Editor/Data/MonoBleedingEdge/etc'
Using monoOptions --debugger-agent=transport=dt_socket,embedding=1,server=y,suspend=n,address=127.0.0.1:56184
Begin MonoManager ReloadAssembly
Registering precompiled unity dll's ...
Register platform support module: C:/Program Files/Unity/Hub/Editor/6000.0.44f1/Editor/Data/PlaybackEngines/WebGLSupport/UnityEditor.WebGL.Extensions.dll
Register platform support module: C:/Program Files/Unity/Hub/Editor/6000.0.44f1/Editor/Data/PlaybackEngines/WindowsStandaloneSupport/UnityEditor.WindowsStandalone.Extensions.dll
Registered in 0.008042 seconds.
- Loaded All Assemblies, in  0.626 seconds
Native extension for WindowsStandalone target not found
Native extension for WebGL target not found
Mono: successfully reloaded assembly
- Finished resetting the current domain, in  0.404 seconds
Domain Reload Profiling: 1025ms
	BeginReloadAssembly (203ms)
		ExecutionOrderSort (0ms)
		DisableScriptedObjects (0ms)
		BackupInstance (0ms)
		ReleaseScriptingObjects (0ms)
		CreateAndSetChildDomain (1ms)
	RebuildCommonClasses (54ms)
	RebuildNativeTypeToScriptingClass (17ms)
	initialDomainReloadingComplete (88ms)
	LoadAllAssembliesAndSetupDomain (258ms)
		LoadAssemblies (197ms)
		RebuildTransferFunctionScriptingTraits (0ms)
		AnalyzeDomain (254ms)
			TypeCache.Refresh (251ms)
				TypeCache.ScanAssembly (232ms)
			BuildScriptInfoCaches (0ms)
			ResolveRequiredComponents (1ms)
	FinalizeReload (405ms)
		ReleaseScriptCaches (0ms)
		RebuildScriptCaches (0ms)
		SetupLoadedEditorAssemblies (345ms)
			LogAssemblyErrors (0ms)
			InitializePlatformSupportModulesInManaged (31ms)
			SetLoadedEditorAssemblies (5ms)
			BeforeProcessingInitializeOnLoad (64ms)
			ProcessInitializeOnLoadAttributes (181ms)
			ProcessInitializeOnLoadMethodAttributes (63ms)
			AfterProcessingInitializeOnLoad (0ms)
			EditorAssembliesLoaded (0ms)
		ExecutionOrderSort2 (0ms)
		AwakeInstancesAfterBackupRestoration (0ms)
========================================================================
Worker process is ready to serve import requests
Import Worker Mode flag is 0x00
Begin MonoManager ReloadAssembly
- Loaded All Assemblies, in  1.045 seconds
Refreshing native plugins compatible for Editor in 2.74 ms, found 4 plugins.
Native extension for WindowsStandalone target not found
Native extension for WebGL target not found
Mono: successfully reloaded assembly
- Finished resetting the current domain, in  0.972 seconds
Domain Reload Profiling: 2006ms
	BeginReloadAssembly (215ms)
		ExecutionOrderSort (0ms)
		DisableScriptedObjects (8ms)
		BackupInstance (0ms)
		ReleaseScriptingObjects (0ms)
		CreateAndSetChildDomain (42ms)
	RebuildCommonClasses (46ms)
	RebuildNativeTypeToScriptingClass (15ms)
	initialDomainReloadingComplete (63ms)
	LoadAllAssembliesAndSetupDomain (696ms)
		LoadAssemblies (488ms)
		RebuildTransferFunctionScriptingTraits (0ms)
		AnalyzeDomain (329ms)
			TypeCache.Refresh (240ms)
				TypeCache.ScanAssembly (222ms)
			BuildScriptInfoCaches (70ms)
			ResolveRequiredComponents (14ms)
	FinalizeReload (972ms)
		ReleaseScriptCaches (0ms)
		RebuildScriptCaches (0ms)
		SetupLoadedEditorAssemblies (784ms)
			LogAssemblyErrors (0ms)
			InitializePlatformSupportModulesInManaged (4ms)
			SetLoadedEditorAssemblies (5ms)
			BeforeProcessingInitializeOnLoad (151ms)
			ProcessInitializeOnLoadAttributes (461ms)
			ProcessInitializeOnLoadMethodAttributes (152ms)
			AfterProcessingInitializeOnLoad (11ms)
			EditorAssembliesLoaded (0ms)
		ExecutionOrderSort2 (0ms)
		AwakeInstancesAfterBackupRestoration (8ms)
Launched and connected shader compiler UnityShaderCompiler.exe after 0.01 seconds
Refreshing native plugins compatible for Editor in 2.73 ms, found 4 plugins.
Preloading 0 native plugins for Editor in 0.00 ms.
Unloading 206 Unused Serialized files (Serialized files now loaded: 0)
Unloading 6576 unused Assets / (6.9 MB). Loaded Objects now: 7220.
Memory consumption went from 174.8 MB to 167.9 MB.
Total: 11.125900 ms (FindLiveObjects: 0.856600 ms CreateObjectMapping: 0.364600 ms MarkObjects: 5.554000 ms  DeleteObjects: 4.349500 ms)

========================================================================
Received Import Request.
  Time since last request: 1103.854773 seconds.
  path: Assets/Backgrounds/hospital_132.asset
  artifactKey: Guid(652fec02d64a7f843a9379d10cb2cd6d) Importer(815301076,1909f56bfc062723c751e8b465ee728b)
Start importing Assets/Backgrounds/hospital_132.asset using Guid(652fec02d64a7f843a9379d10cb2cd6d) Importer(815301076,1909f56bfc062723c751e8b465ee728b) (PreviewImporter) -> (artifact id: '875f48a69ee7e4ecfd031b3fd923eac3') in 0.0521112 seconds
Number of updated asset objects reloaded before import = 0Number of asset objects unloaded after import = 1

========================================================================
Received Import Request.
  Time since last request: 0.000023 seconds.
  path: Assets/Backgrounds/hospital_149.asset
  artifactKey: Guid(1e14b2a69cbe20d46818faa1250ed0bc) Importer(815301076,1909f56bfc062723c751e8b465ee728b)
Start importing Assets/Backgrounds/hospital_149.asset using Guid(1e14b2a69cbe20d46818faa1250ed0bc) Importer(815301076,1909f56bfc062723c751e8b465ee728b) (PreviewImporter) -> (artifact id: 'abeaa98d3f0074b1df433e0a1bc0f76d') in 0.0033646 seconds
Number of updated asset objects reloaded before import = 0Number of asset objects unloaded after import = 1

========================================================================
Received Import Request.
  Time since last request: 0.000025 seconds.
  path: Assets/Backgrounds/hospital_140.asset
  artifactKey: Guid(f38db7a8356f59c41b56046061c6a7df) Importer(815301076,1909f56bfc062723c751e8b465ee728b)
Start importing Assets/Backgrounds/hospital_140.asset using Guid(f38db7a8356f59c41b56046061c6a7df) Importer(815301076,1909f56bfc062723c751e8b465ee728b) (PreviewImporter) -> (artifact id: '0c2a325513024503a2acc7823fbc622d') in 0.0037183 seconds
Number of updated asset objects reloaded before import = 0Number of asset objects unloaded after import = 1

========================================================================
Received Import Request.
  Time since last request: 0.000026 seconds.
  path: Assets/Backgrounds/hospital_155.asset
  artifactKey: Guid(6d38fcb905fc27341972e6212d10a86e) Importer(815301076,1909f56bfc062723c751e8b465ee728b)
Start importing Assets/Backgrounds/hospital_155.asset using Guid(6d38fcb905fc27341972e6212d10a86e) Importer(815301076,1909f56bfc062723c751e8b465ee728b) (PreviewImporter) -> (artifact id: '7421b162ee76ef2349e55c25c29dc425') in 0.0033222 seconds
Number of updated asset objects reloaded before import = 0Number of asset objects unloaded after import = 1

========================================================================
Received Import Request.
  Time since last request: 0.000033 seconds.
  path: Assets/Backgrounds/hospital_139.asset
  artifactKey: Guid(ccb30dd2ca159f94f89efafc13b1311a) Importer(815301076,1909f56bfc062723c751e8b465ee728b)
Start importing Assets/Backgrounds/hospital_139.asset using Guid(ccb30dd2ca159f94f89efafc13b1311a) Importer(815301076,1909f56bfc062723c751e8b465ee728b) (PreviewImporter) -> (artifact id: 'cd16c8a01035d22a39b064809f169119') in 0.0031058 seconds
Number of updated asset objects reloaded before import = 0Number of asset objects unloaded after import = 1

========================================================================
Received Import Request.
  Time since last request: 0.000020 seconds.
  path: Assets/Backgrounds/hospital_151.asset
  artifactKey: Guid(b2091af49560ba744b648a1951e128f2) Importer(815301076,1909f56bfc062723c751e8b465ee728b)
Start importing Assets/Backgrounds/hospital_151.asset using Guid(b2091af49560ba744b648a1951e128f2) Importer(815301076,1909f56bfc062723c751e8b465ee728b) (PreviewImporter) -> (artifact id: 'd19ec98503a4c9222a2ec3eeabc45a45') in 0.0034788 seconds
Number of updated asset objects reloaded before import = 0Number of asset objects unloaded after import = 1

========================================================================
Received Import Request.
  Time since last request: 0.361663 seconds.
  path: Assets/Backgrounds/hospital_230.asset
  artifactKey: Guid(5b01a20a77eba8842b6413c3f17a756d) Importer(815301076,1909f56bfc062723c751e8b465ee728b)
Start importing Assets/Backgrounds/hospital_230.asset using Guid(5b01a20a77eba8842b6413c3f17a756d) Importer(815301076,1909f56bfc062723c751e8b465ee728b) (PreviewImporter) -> (artifact id: 'f8da6c4e287782d8fb5750759af530f3') in 0.0064028 seconds
Number of updated asset objects reloaded before import = 0Number of asset objects unloaded after import = 1

========================================================================
Received Import Request.
  Time since last request: 0.000020 seconds.
  path: Assets/Backgrounds/hospital_255.asset
  artifactKey: Guid(3deeb00ba92a6fa4e9a8eb7866daff9f) Importer(815301076,1909f56bfc062723c751e8b465ee728b)
Start importing Assets/Backgrounds/hospital_255.asset using Guid(3deeb00ba92a6fa4e9a8eb7866daff9f) Importer(815301076,1909f56bfc062723c751e8b465ee728b) (PreviewImporter) -> (artifact id: 'afb9dbc857588f6feaafd7e8ac2db442') in 0.0033957 seconds
Number of updated asset objects reloaded before import = 0Number of asset objects unloaded after import = 1

========================================================================
Received Import Request.
  Time since last request: 0.000021 seconds.
  path: Assets/Backgrounds/hospital_256.asset
  artifactKey: Guid(096086b751f359e408f65c188d726f23) Importer(815301076,1909f56bfc062723c751e8b465ee728b)
Start importing Assets/Backgrounds/hospital_256.asset using Guid(096086b751f359e408f65c188d726f23) Importer(815301076,1909f56bfc062723c751e8b465ee728b) (PreviewImporter) -> (artifact id: '702b61af4747285d00645b88fcca27ad') in 0.0034348 seconds
Number of updated asset objects reloaded before import = 0Number of asset objects unloaded after import = 1

========================================================================
Received Import Request.
  Time since last request: 0.000019 seconds.
  path: Assets/Backgrounds/hospital_238.asset
  artifactKey: Guid(8e9f18feba084414ea2d0dcbf952270b) Importer(815301076,1909f56bfc062723c751e8b465ee728b)
Start importing Assets/Backgrounds/hospital_238.asset using Guid(8e9f18feba084414ea2d0dcbf952270b) Importer(815301076,1909f56bfc062723c751e8b465ee728b) (PreviewImporter) -> (artifact id: '655ee7fe40c675835efa0e9b6d74c45c') in 0.0030397 seconds
Number of updated asset objects reloaded before import = 0Number of asset objects unloaded after import = 1

========================================================================
Received Import Request.
  Time since last request: 0.000020 seconds.
  path: Assets/Backgrounds/hospital_264.asset
  artifactKey: Guid(07ab16cea23eff04eb202d6843396237) Importer(815301076,1909f56bfc062723c751e8b465ee728b)
Start importing Assets/Backgrounds/hospital_264.asset using Guid(07ab16cea23eff04eb202d6843396237) Importer(815301076,1909f56bfc062723c751e8b465ee728b) (PreviewImporter) -> (artifact id: '4abea6f37030588f5eb2ef00163e8a32') in 0.0037433 seconds
Number of updated asset objects reloaded before import = 0Number of asset objects unloaded after import = 1

========================================================================
Received Import Request.
  Time since last request: 0.000035 seconds.
  path: Assets/Backgrounds/hospital_274.asset
  artifactKey: Guid(7cda32c97a4bc4f4888c92097993531e) Importer(815301076,1909f56bfc062723c751e8b465ee728b)
Start importing Assets/Backgrounds/hospital_274.asset using Guid(7cda32c97a4bc4f4888c92097993531e) Importer(815301076,1909f56bfc062723c751e8b465ee728b) (PreviewImporter) -> (artifact id: 'e519736cb6c898f17079b9f5a953d830') in 0.0033006 seconds
Number of updated asset objects reloaded before import = 0Number of asset objects unloaded after import = 1

========================================================================
Received Import Request.
  Time since last request: 0.000017 seconds.
  path: Assets/Backgrounds/hospital_287.asset
  artifactKey: Guid(a7c69972106a708458c5163e622e5006) Importer(815301076,1909f56bfc062723c751e8b465ee728b)
Start importing Assets/Backgrounds/hospital_287.asset using Guid(a7c69972106a708458c5163e622e5006) Importer(815301076,1909f56bfc062723c751e8b465ee728b) (PreviewImporter) -> (artifact id: '89691f4e9a8d26deb27dbb82c3fe3a7a') in 0.0031591 seconds
Number of updated asset objects reloaded before import = 0Number of asset objects unloaded after import = 1

========================================================================
Received Import Request.
  Time since last request: 0.000017 seconds.
  path: Assets/Backgrounds/hospital_298.asset
  artifactKey: Guid(b1b6e17c34e69e64b8c4e16d543c8650) Importer(815301076,1909f56bfc062723c751e8b465ee728b)
Start importing Assets/Backgrounds/hospital_298.asset using Guid(b1b6e17c34e69e64b8c4e16d543c8650) Importer(815301076,1909f56bfc062723c751e8b465ee728b) (PreviewImporter) -> (artifact id: 'be37ce8c7cc0854c3f4e22b405fdd801') in 0.0029047 seconds
Number of updated asset objects reloaded before import = 0Number of asset objects unloaded after import = 1

========================================================================
Received Import Request.
  Time since last request: 0.000020 seconds.
  path: Assets/Backgrounds/hospital_271.asset
  artifactKey: Guid(f282a1fb0c1ea6b4fa9bbf0bda176c1a) Importer(815301076,1909f56bfc062723c751e8b465ee728b)
Start importing Assets/Backgrounds/hospital_271.asset using Guid(f282a1fb0c1ea6b4fa9bbf0bda176c1a) Importer(815301076,1909f56bfc062723c751e8b465ee728b) (PreviewImporter) -> (artifact id: '1adb7ca2e0a118f1fbf7acb74bdea180') in 0.0030161 seconds
Number of updated asset objects reloaded before import = 0Number of asset objects unloaded after import = 1

========================================================================
Received Import Request.
  Time since last request: 0.000025 seconds.
  path: Assets/Backgrounds/hospital_270.asset
  artifactKey: Guid(5f576fbc97ff9bd46a403de3aa13d688) Importer(815301076,1909f56bfc062723c751e8b465ee728b)
Start importing Assets/Backgrounds/hospital_270.asset using Guid(5f576fbc97ff9bd46a403de3aa13d688) Importer(815301076,1909f56bfc062723c751e8b465ee728b) (PreviewImporter) -> (artifact id: '22876e610815be92b177de6b73eefcd9') in 0.0039435 seconds
Number of updated asset objects reloaded before import = 0Number of asset objects unloaded after import = 1

========================================================================
Received Import Request.
  Time since last request: 0.000023 seconds.
  path: Assets/Backgrounds/hospital_265.asset
  artifactKey: Guid(236ffeb3c28720049874b8ce8a2466ae) Importer(815301076,1909f56bfc062723c751e8b465ee728b)
Start importing Assets/Backgrounds/hospital_265.asset using Guid(236ffeb3c28720049874b8ce8a2466ae) Importer(815301076,1909f56bfc062723c751e8b465ee728b) (PreviewImporter) -> (artifact id: '6c1e27c951fc9e3cb5a65d662cea980b') in 0.0032392 seconds
Number of updated asset objects reloaded before import = 0Number of asset objects unloaded after import = 1

========================================================================
Received Import Request.
  Time since last request: 0.000032 seconds.
  path: Assets/Backgrounds/hospital_278.asset
  artifactKey: Guid(de79dbbd73b947242935ee178068bcab) Importer(815301076,1909f56bfc062723c751e8b465ee728b)
Start importing Assets/Backgrounds/hospital_278.asset using Guid(de79dbbd73b947242935ee178068bcab) Importer(815301076,1909f56bfc062723c751e8b465ee728b) (PreviewImporter) -> (artifact id: 'f11039f060ddcec28444827cb9ae02b0') in 0.0028132 seconds
Number of updated asset objects reloaded before import = 0Number of asset objects unloaded after import = 1

========================================================================
Received Import Request.
  Time since last request: 0.000021 seconds.
  path: Assets/Backgrounds/hospital_262.asset
  artifactKey: Guid(12a104ff282c9c2458539dad03c66078) Importer(815301076,1909f56bfc062723c751e8b465ee728b)
Start importing Assets/Backgrounds/hospital_262.asset using Guid(12a104ff282c9c2458539dad03c66078) Importer(815301076,1909f56bfc062723c751e8b465ee728b) (PreviewImporter) -> (artifact id: '13f956b0c80d888f8eb251dfdd08f7df') in 0.0030376 seconds
Number of updated asset objects reloaded before import = 0Number of asset objects unloaded after import = 1

========================================================================
Received Import Request.
  Time since last request: 0.000023 seconds.
  path: Assets/Backgrounds/hospital_284.asset
  artifactKey: Guid(5e67a48f134895144b109bb5f577bf3f) Importer(815301076,1909f56bfc062723c751e8b465ee728b)
Start importing Assets/Backgrounds/hospital_284.asset using Guid(5e67a48f134895144b109bb5f577bf3f) Importer(815301076,1909f56bfc062723c751e8b465ee728b) (PreviewImporter) -> (artifact id: '204620d8b1492a58a7f8f9302c66617d') in 0.0030632 seconds
Number of updated asset objects reloaded before import = 0Number of asset objects unloaded after import = 1

========================================================================
Received Import Request.
  Time since last request: 0.000021 seconds.
  path: Assets/Backgrounds/hospital_261.asset
  artifactKey: Guid(8889f03898e6107459fe17e6a7ed1ecb) Importer(815301076,1909f56bfc062723c751e8b465ee728b)
Start importing Assets/Backgrounds/hospital_261.asset using Guid(8889f03898e6107459fe17e6a7ed1ecb) Importer(815301076,1909f56bfc062723c751e8b465ee728b) (PreviewImporter) -> (artifact id: 'f5e09b3be4b17caadfe336e2bc8a03c1') in 0.0033339 seconds
Number of updated asset objects reloaded before import = 0Number of asset objects unloaded after import = 1

========================================================================
Received Import Request.
  Time since last request: 0.000021 seconds.
  path: Assets/Backgrounds/hospital_241.asset
  artifactKey: Guid(41f8d767b13217c4e90c8c6207fab373) Importer(815301076,1909f56bfc062723c751e8b465ee728b)
Start importing Assets/Backgrounds/hospital_241.asset using Guid(41f8d767b13217c4e90c8c6207fab373) Importer(815301076,1909f56bfc062723c751e8b465ee728b) (PreviewImporter) -> (artifact id: '5d7611424f50b1d63210ea5b423336c3') in 0.0028227 seconds
Number of updated asset objects reloaded before import = 0Number of asset objects unloaded after import = 1

========================================================================
Received Import Request.
  Time since last request: 0.000027 seconds.
  path: Assets/Backgrounds/hospital_279.asset
  artifactKey: Guid(78a9ddc81202ccd43bfeb88b75c41fdc) Importer(815301076,1909f56bfc062723c751e8b465ee728b)
Start importing Assets/Backgrounds/hospital_279.asset using Guid(78a9ddc81202ccd43bfeb88b75c41fdc) Importer(815301076,1909f56bfc062723c751e8b465ee728b) (PreviewImporter) -> (artifact id: '3922f97e651e414efcaa42d2595e2aa6') in 0.0030009 seconds
Number of updated asset objects reloaded before import = 0Number of asset objects unloaded after import = 1

========================================================================
Received Import Request.
  Time since last request: 0.000032 seconds.
  path: Assets/Backgrounds/hospital_235.asset
  artifactKey: Guid(8e099d0d1f867ee4088c41c4774a51f8) Importer(815301076,1909f56bfc062723c751e8b465ee728b)
Start importing Assets/Backgrounds/hospital_235.asset using Guid(8e099d0d1f867ee4088c41c4774a51f8) Importer(815301076,1909f56bfc062723c751e8b465ee728b) (PreviewImporter) -> (artifact id: 'dcd819c0f722751d528638ae6072196e') in 0.0028443 seconds
Number of updated asset objects reloaded before import = 0Number of asset objects unloaded after import = 1

========================================================================
Received Import Request.
  Time since last request: 12.596215 seconds.
  path: Assets/Backgrounds/hospital_bg_enhanced.png
  artifactKey: Guid(843dd220639d18845a664849ea72b466) Importer(815301076,1909f56bfc062723c751e8b465ee728b)
Start importing Assets/Backgrounds/hospital_bg_enhanced.png using Guid(843dd220639d18845a664849ea72b466) Importer(815301076,1909f56bfc062723c751e8b465ee728b) (PreviewImporter) -> (artifact id: '1288652d304c16f0ebc1d9f01da5cc09') in 1.1986843 seconds
Number of updated asset objects reloaded before import = 0Number of asset objects unloaded after import = 450

========================================================================
Received Import Request.
  Time since last request: 31.978293 seconds.
  path: Assets/Backgrounds/hospital_bg_enhanced.png
  artifactKey: Guid(843dd220639d18845a664849ea72b466) Importer(815301076,1909f56bfc062723c751e8b465ee728b)
Start importing Assets/Backgrounds/hospital_bg_enhanced.png using Guid(843dd220639d18845a664849ea72b466) Importer(815301076,1909f56bfc062723c751e8b465ee728b) (PreviewImporter) -> (artifact id: 'ca7c0768fad04dada62cd5010293fa3c') in 1.1983522 seconds
Number of updated asset objects reloaded before import = 0Number of asset objects unloaded after import = 450

========================================================================
Received Import Request.
  Time since last request: 203.851839 seconds.
  path: Assets/Backgrounds/hospital_bg_enhanced_0.asset
  artifactKey: Guid(191af987388c86a44800f63cc9e6a9b8) Importer(815301076,1909f56bfc062723c751e8b465ee728b)
Start importing Assets/Backgrounds/hospital_bg_enhanced_0.asset using Guid(191af987388c86a44800f63cc9e6a9b8) Importer(815301076,1909f56bfc062723c751e8b465ee728b) (PreviewImporter) -> (artifact id: 'f3ed2c64808d4907df4dbc1ad24467c0') in 0.0041912 seconds
Number of updated asset objects reloaded before import = 0Number of asset objects unloaded after import = 1

========================================================================
Received Import Request.
  Time since last request: 0.000027 seconds.
  path: Assets/Backgrounds/hospital_bg_enhanced_4.asset
  artifactKey: Guid(33dc093f8a696414f848067c1cb284d1) Importer(815301076,1909f56bfc062723c751e8b465ee728b)
Start importing Assets/Backgrounds/hospital_bg_enhanced_4.asset using Guid(33dc093f8a696414f848067c1cb284d1) Importer(815301076,1909f56bfc062723c751e8b465ee728b) (PreviewImporter) -> (artifact id: '5925f8ba501c3228a99832d72d63555d') in 0.0041983 seconds
Number of updated asset objects reloaded before import = 0Number of asset objects unloaded after import = 1

========================================================================
Received Import Request.
  Time since last request: 0.000032 seconds.
  path: Assets/Backgrounds/hospital_bg_enhanced_11.asset
  artifactKey: Guid(87b13333f671c0248a34bef2768d56fb) Importer(815301076,1909f56bfc062723c751e8b465ee728b)
Start importing Assets/Backgrounds/hospital_bg_enhanced_11.asset using Guid(87b13333f671c0248a34bef2768d56fb) Importer(815301076,1909f56bfc062723c751e8b465ee728b) (PreviewImporter) -> (artifact id: '1cfdf386993b005b5333667e1a0168e4') in 0.0026865 seconds
Number of updated asset objects reloaded before import = 0Number of asset objects unloaded after import = 1

========================================================================
Received Import Request.
  Time since last request: 0.000022 seconds.
  path: Assets/Backgrounds/hospital_bg_enhanced_23.asset
  artifactKey: Guid(92cfb250b52426946a26a75b84974aa8) Importer(815301076,1909f56bfc062723c751e8b465ee728b)
Start importing Assets/Backgrounds/hospital_bg_enhanced_23.asset using Guid(92cfb250b52426946a26a75b84974aa8) Importer(815301076,1909f56bfc062723c751e8b465ee728b) (PreviewImporter) -> (artifact id: 'e35721cfca1288f1236a5254761769a4') in 0.003828 seconds
Number of updated asset objects reloaded before import = 0Number of asset objects unloaded after import = 1

========================================================================
Received Import Request.
  Time since last request: 0.000022 seconds.
  path: Assets/Backgrounds/hospital_bg_enhanced_14.asset
  artifactKey: Guid(9eed534bca96d2b4a8dc3d8bb7552ead) Importer(815301076,1909f56bfc062723c751e8b465ee728b)
Start importing Assets/Backgrounds/hospital_bg_enhanced_14.asset using Guid(9eed534bca96d2b4a8dc3d8bb7552ead) Importer(815301076,1909f56bfc062723c751e8b465ee728b) (PreviewImporter) -> (artifact id: '7fcf5815fca60f52291c9da318a92f98') in 0.0034404 seconds
Number of updated asset objects reloaded before import = 0Number of asset objects unloaded after import = 1

========================================================================
Received Import Request.
  Time since last request: 0.000025 seconds.
  path: Assets/Backgrounds/hospital_bg_enhanced_49.asset
  artifactKey: Guid(824242dc4436b36458aad86813550bfa) Importer(815301076,1909f56bfc062723c751e8b465ee728b)
Start importing Assets/Backgrounds/hospital_bg_enhanced_49.asset using Guid(824242dc4436b36458aad86813550bfa) Importer(815301076,1909f56bfc062723c751e8b465ee728b) (PreviewImporter) -> (artifact id: '5e16d66f8560f97ebed6a259d745b5f1') in 0.003376 seconds
Number of updated asset objects reloaded before import = 0Number of asset objects unloaded after import = 1

========================================================================
Received Import Request.
  Time since last request: 0.000023 seconds.
  path: Assets/Backgrounds/hospital_bg_enhanced_7.asset
  artifactKey: Guid(2680cada59c1a1c498787e5084e72feb) Importer(815301076,1909f56bfc062723c751e8b465ee728b)
Start importing Assets/Backgrounds/hospital_bg_enhanced_7.asset using Guid(2680cada59c1a1c498787e5084e72feb) Importer(815301076,1909f56bfc062723c751e8b465ee728b) (PreviewImporter) -> (artifact id: '051271365100962e0dba63cf21541a78') in 0.0027686 seconds
Number of updated asset objects reloaded before import = 0Number of asset objects unloaded after import = 1

========================================================================
Received Import Request.
  Time since last request: 0.000023 seconds.
  path: Assets/Backgrounds/hospital_bg_enhanced_6.asset
  artifactKey: Guid(cef029a9f386a264582d512f92fcc026) Importer(815301076,1909f56bfc062723c751e8b465ee728b)
Start importing Assets/Backgrounds/hospital_bg_enhanced_6.asset using Guid(cef029a9f386a264582d512f92fcc026) Importer(815301076,1909f56bfc062723c751e8b465ee728b) (PreviewImporter) -> (artifact id: '43ba61f28717f2253ee875699fe7a1c1') in 0.0036668 seconds
Number of updated asset objects reloaded before import = 0Number of asset objects unloaded after import = 1

========================================================================
Received Import Request.
  Time since last request: 0.000034 seconds.
  path: Assets/Backgrounds/hospital_bg_enhanced_22.asset
  artifactKey: Guid(fc20d8045b780fe46b430012775b2e7a) Importer(815301076,1909f56bfc062723c751e8b465ee728b)
Start importing Assets/Backgrounds/hospital_bg_enhanced_22.asset using Guid(fc20d8045b780fe46b430012775b2e7a) Importer(815301076,1909f56bfc062723c751e8b465ee728b) (PreviewImporter) -> (artifact id: '08032613d3ab780f811475fd670d8b56') in 0.0032389 seconds
Number of updated asset objects reloaded before import = 0Number of asset objects unloaded after import = 1

========================================================================
Received Import Request.
  Time since last request: 0.000022 seconds.
  path: Assets/Backgrounds/hospital_bg_enhanced_53.asset
  artifactKey: Guid(f71a0668a1f2a5c458eca24fffae7e49) Importer(815301076,1909f56bfc062723c751e8b465ee728b)
Start importing Assets/Backgrounds/hospital_bg_enhanced_53.asset using Guid(f71a0668a1f2a5c458eca24fffae7e49) Importer(815301076,1909f56bfc062723c751e8b465ee728b) (PreviewImporter) -> (artifact id: 'b15354468d209808ef50b42de102709a') in 0.0040709 seconds
Number of updated asset objects reloaded before import = 0Number of asset objects unloaded after import = 1

========================================================================
Received Import Request.
  Time since last request: 0.000021 seconds.
  path: Assets/Backgrounds/hospital_bg_enhanced_21.asset
  artifactKey: Guid(e329045fc664fe3449a989b919c774f6) Importer(815301076,1909f56bfc062723c751e8b465ee728b)
Start importing Assets/Backgrounds/hospital_bg_enhanced_21.asset using Guid(e329045fc664fe3449a989b919c774f6) Importer(815301076,1909f56bfc062723c751e8b465ee728b) (PreviewImporter) -> (artifact id: '4da5ecb716aafc52a11ad43d3178944f') in 0.0029596 seconds
Number of updated asset objects reloaded before import = 0Number of asset objects unloaded after import = 1

========================================================================
Received Import Request.
  Time since last request: 0.000021 seconds.
  path: Assets/Backgrounds/hospital_bg_enhanced_39.asset
  artifactKey: Guid(d15230719be83204695620b118bc2efb) Importer(815301076,1909f56bfc062723c751e8b465ee728b)
Start importing Assets/Backgrounds/hospital_bg_enhanced_39.asset using Guid(d15230719be83204695620b118bc2efb) Importer(815301076,1909f56bfc062723c751e8b465ee728b) (PreviewImporter) -> (artifact id: '3a94726a8a86664db4701e3248b2f4c8') in 0.0032233 seconds
Number of updated asset objects reloaded before import = 0Number of asset objects unloaded after import = 1

========================================================================
Received Import Request.
  Time since last request: 0.000020 seconds.
  path: Assets/Backgrounds/hospital_bg_enhanced_35.asset
  artifactKey: Guid(67ea94429d80b81478a195bacbbb8642) Importer(815301076,1909f56bfc062723c751e8b465ee728b)
Start importing Assets/Backgrounds/hospital_bg_enhanced_35.asset using Guid(67ea94429d80b81478a195bacbbb8642) Importer(815301076,1909f56bfc062723c751e8b465ee728b) (PreviewImporter) -> (artifact id: '073c2b6aa6efd2402b6d68031a6c5505') in 0.0028484 seconds
Number of updated asset objects reloaded before import = 0Number of asset objects unloaded after import = 1

========================================================================
Received Import Request.
  Time since last request: 0.000023 seconds.
  path: Assets/Backgrounds/hospital_bg_enhanced_40.asset
  artifactKey: Guid(55298f669ef5e004faa2fdbce54465d9) Importer(815301076,1909f56bfc062723c751e8b465ee728b)
Start importing Assets/Backgrounds/hospital_bg_enhanced_40.asset using Guid(55298f669ef5e004faa2fdbce54465d9) Importer(815301076,1909f56bfc062723c751e8b465ee728b) (PreviewImporter) -> (artifact id: 'f4229eab31319b48b90f904667c5c513') in 0.0031912 seconds
Number of updated asset objects reloaded before import = 0Number of asset objects unloaded after import = 1

========================================================================
Received Import Request.
  Time since last request: 0.000033 seconds.
  path: Assets/Backgrounds/hospital_bg_enhanced_20.asset
  artifactKey: Guid(6734609567856fb4983913c4158f13a8) Importer(815301076,1909f56bfc062723c751e8b465ee728b)
Start importing Assets/Backgrounds/hospital_bg_enhanced_20.asset using Guid(6734609567856fb4983913c4158f13a8) Importer(815301076,1909f56bfc062723c751e8b465ee728b) (PreviewImporter) -> (artifact id: '817ab26a5723d9666de85761126c26af') in 0.0031465 seconds
Number of updated asset objects reloaded before import = 0Number of asset objects unloaded after import = 1

========================================================================
Received Import Request.
  Time since last request: 0.000020 seconds.
  path: Assets/Backgrounds/hospital_bg_enhanced_8.asset
  artifactKey: Guid(c81b89663cd9b6e4f953fccd3355cda2) Importer(815301076,1909f56bfc062723c751e8b465ee728b)
Start importing Assets/Backgrounds/hospital_bg_enhanced_8.asset using Guid(c81b89663cd9b6e4f953fccd3355cda2) Importer(815301076,1909f56bfc062723c751e8b465ee728b) (PreviewImporter) -> (artifact id: 'c8dd95947252585078b2d38ee6334150') in 0.0029284 seconds
Number of updated asset objects reloaded before import = 0Number of asset objects unloaded after import = 1

========================================================================
Received Import Request.
  Time since last request: 0.000023 seconds.
  path: Assets/Backgrounds/hospital_bg_enhanced_41.asset
  artifactKey: Guid(1f147a37fab938441b34ddc270358cb2) Importer(815301076,1909f56bfc062723c751e8b465ee728b)
Start importing Assets/Backgrounds/hospital_bg_enhanced_41.asset using Guid(1f147a37fab938441b34ddc270358cb2) Importer(815301076,1909f56bfc062723c751e8b465ee728b) (PreviewImporter) -> (artifact id: 'c1df5887296d6ddf91f0a9498065548c') in 0.0030757 seconds
Number of updated asset objects reloaded before import = 0Number of asset objects unloaded after import = 1

========================================================================
Received Import Request.
  Time since last request: 0.000020 seconds.
  path: Assets/Backgrounds/hospital_bg_enhanced_19.asset
  artifactKey: Guid(b193071b39c1e2541a229accfd32d3b0) Importer(815301076,1909f56bfc062723c751e8b465ee728b)
Start importing Assets/Backgrounds/hospital_bg_enhanced_19.asset using Guid(b193071b39c1e2541a229accfd32d3b0) Importer(815301076,1909f56bfc062723c751e8b465ee728b) (PreviewImporter) -> (artifact id: '14df01da86542313b876a59417a008da') in 0.0030702 seconds
Number of updated asset objects reloaded before import = 0Number of asset objects unloaded after import = 1

========================================================================
Received Import Request.
  Time since last request: 0.000023 seconds.
  path: Assets/Backgrounds/hospital_bg_enhanced_45.asset
  artifactKey: Guid(951579f96b588c84da4eaaa9eb65b21d) Importer(815301076,1909f56bfc062723c751e8b465ee728b)
Start importing Assets/Backgrounds/hospital_bg_enhanced_45.asset using Guid(951579f96b588c84da4eaaa9eb65b21d) Importer(815301076,1909f56bfc062723c751e8b465ee728b) (PreviewImporter) -> (artifact id: '05f4fa43107b2fdc0f0bd284b611d7f2') in 0.0025997 seconds
Number of updated asset objects reloaded before import = 0Number of asset objects unloaded after import = 1

========================================================================
Received Import Request.
  Time since last request: 0.000020 seconds.
  path: Assets/Backgrounds/hospital_bg_enhanced_18.asset
  artifactKey: Guid(6bbce5c9646f2cd4ca35e2259077c374) Importer(815301076,1909f56bfc062723c751e8b465ee728b)
Start importing Assets/Backgrounds/hospital_bg_enhanced_18.asset using Guid(6bbce5c9646f2cd4ca35e2259077c374) Importer(815301076,1909f56bfc062723c751e8b465ee728b) (PreviewImporter) -> (artifact id: '4287372061aa712c4d248b944e3ae885') in 0.0028615 seconds
Number of updated asset objects reloaded before import = 0Number of asset objects unloaded after import = 1

========================================================================
Received Import Request.
  Time since last request: 0.000032 seconds.
  path: Assets/Backgrounds/hospital_bg_enhanced_16.asset
  artifactKey: Guid(471b3fc7865a67c42805029dba7d1cc0) Importer(815301076,1909f56bfc062723c751e8b465ee728b)
Start importing Assets/Backgrounds/hospital_bg_enhanced_16.asset using Guid(471b3fc7865a67c42805029dba7d1cc0) Importer(815301076,1909f56bfc062723c751e8b465ee728b) (PreviewImporter) -> (artifact id: 'c5ca9ae77ae2b042ae8b893da590aad8') in 0.0044984 seconds
Number of updated asset objects reloaded before import = 0Number of asset objects unloaded after import = 1

========================================================================
Received Import Request.
  Time since last request: 0.000019 seconds.
  path: Assets/Backgrounds/hospital_bg_enhanced_55.asset
  artifactKey: Guid(94391ad91adf00b4f81a23e169b35c05) Importer(815301076,1909f56bfc062723c751e8b465ee728b)
Start importing Assets/Backgrounds/hospital_bg_enhanced_55.asset using Guid(94391ad91adf00b4f81a23e169b35c05) Importer(815301076,1909f56bfc062723c751e8b465ee728b) (PreviewImporter) -> (artifact id: 'b6b4ac86bd5279d72794a76f0aac4f89') in 0.0026226 seconds
Number of updated asset objects reloaded before import = 0Number of asset objects unloaded after import = 1

========================================================================
Received Import Request.
  Time since last request: 0.000019 seconds.
  path: Assets/Backgrounds/hospital_bg_enhanced_2.asset
  artifactKey: Guid(7fe32a684c1d68d4b93cd52255e7400c) Importer(815301076,1909f56bfc062723c751e8b465ee728b)
Start importing Assets/Backgrounds/hospital_bg_enhanced_2.asset using Guid(7fe32a684c1d68d4b93cd52255e7400c) Importer(815301076,1909f56bfc062723c751e8b465ee728b) (PreviewImporter) -> (artifact id: '0168582772934accd4470c91579b994f') in 0.0031107 seconds
Number of updated asset objects reloaded before import = 0Number of asset objects unloaded after import = 1

========================================================================
Received Import Request.
  Time since last request: 0.000021 seconds.
  path: Assets/Backgrounds/hospital_bg_enhanced_43.asset
  artifactKey: Guid(dc94d0b5ca02fcb43badf8d0460daa54) Importer(815301076,1909f56bfc062723c751e8b465ee728b)
Start importing Assets/Backgrounds/hospital_bg_enhanced_43.asset using Guid(dc94d0b5ca02fcb43badf8d0460daa54) Importer(815301076,1909f56bfc062723c751e8b465ee728b) (PreviewImporter) -> (artifact id: 'ec62c8af814b064bc74ffc21debd12cb') in 0.0032804 seconds
Number of updated asset objects reloaded before import = 0Number of asset objects unloaded after import = 1

========================================================================
Received Import Request.
  Time since last request: 0.000022 seconds.
  path: Assets/Backgrounds/hospital_bg_enhanced_13.asset
  artifactKey: Guid(542272a7ad07d454fb0e8bd4364f9d6e) Importer(815301076,1909f56bfc062723c751e8b465ee728b)
Start importing Assets/Backgrounds/hospital_bg_enhanced_13.asset using Guid(542272a7ad07d454fb0e8bd4364f9d6e) Importer(815301076,1909f56bfc062723c751e8b465ee728b) (PreviewImporter) -> (artifact id: '08dda9a4a55eadb91649857112085816') in 0.0025848 seconds
Number of updated asset objects reloaded before import = 0Number of asset objects unloaded after import = 1

========================================================================
Received Import Request.
  Time since last request: 0.000028 seconds.
  path: Assets/Backgrounds/hospital_bg_enhanced_46.asset
  artifactKey: Guid(df79b5bc2080dcf488d003df1b744c67) Importer(815301076,1909f56bfc062723c751e8b465ee728b)
Start importing Assets/Backgrounds/hospital_bg_enhanced_46.asset using Guid(df79b5bc2080dcf488d003df1b744c67) Importer(815301076,1909f56bfc062723c751e8b465ee728b) (PreviewImporter) -> (artifact id: 'a42891b936f3dd5c08271fc124af4c42') in 0.0030145 seconds
Number of updated asset objects reloaded before import = 0Number of asset objects unloaded after import = 1

========================================================================
Received Import Request.
  Time since last request: 0.000038 seconds.
  path: Assets/Backgrounds/hospital_bg_enhanced_10.asset
  artifactKey: Guid(5582ce22b6628964ca7bd6e4c0742746) Importer(815301076,1909f56bfc062723c751e8b465ee728b)
Start importing Assets/Backgrounds/hospital_bg_enhanced_10.asset using Guid(5582ce22b6628964ca7bd6e4c0742746) Importer(815301076,1909f56bfc062723c751e8b465ee728b) (PreviewImporter) -> (artifact id: '2b62bc721d9116c2f8223af585715adc') in 0.0031094 seconds
Number of updated asset objects reloaded before import = 0Number of asset objects unloaded after import = 1

========================================================================
Received Import Request.
  Time since last request: 0.000025 seconds.
  path: Assets/Backgrounds/hospital_bg_enhanced_47.asset
  artifactKey: Guid(52ac72952a3345042bc9ebf1a26e3f43) Importer(815301076,1909f56bfc062723c751e8b465ee728b)
Start importing Assets/Backgrounds/hospital_bg_enhanced_47.asset using Guid(52ac72952a3345042bc9ebf1a26e3f43) Importer(815301076,1909f56bfc062723c751e8b465ee728b) (PreviewImporter) -> (artifact id: '4f58e8c72b37b1c02c90ed8e70a18118') in 0.0030047 seconds
Number of updated asset objects reloaded before import = 0Number of asset objects unloaded after import = 1

========================================================================
Received Import Request.
  Time since last request: 12.309827 seconds.
  path: Assets/Backgrounds/Hopital_abandonado.png
  artifactKey: Guid(35e59f44d91748849a5e48d97159215c) Importer(815301076,1909f56bfc062723c751e8b465ee728b)
Start importing Assets/Backgrounds/Hopital_abandonado.png using Guid(35e59f44d91748849a5e48d97159215c) Importer(815301076,1909f56bfc062723c751e8b465ee728b) (PreviewImporter) -> (artifact id: '5c163490c298220da8b6eccb3bf828ef') in 0.0228988 seconds
Number of updated asset objects reloaded before import = 0Number of asset objects unloaded after import = 3

========================================================================
Received Import Request.
  Time since last request: 25.588660 seconds.
  path: Assets/Backgrounds/Hopital_abandonado.png
  artifactKey: Guid(35e59f44d91748849a5e48d97159215c) Importer(815301076,1909f56bfc062723c751e8b465ee728b)
Start importing Assets/Backgrounds/Hopital_abandonado.png using Guid(35e59f44d91748849a5e48d97159215c) Importer(815301076,1909f56bfc062723c751e8b465ee728b) (PreviewImporter) -> (artifact id: '934c5d3ebef4799b002485a9cf935d42') in 0.0217022 seconds
Number of updated asset objects reloaded before import = 0Number of asset objects unloaded after import = 3

========================================================================
Received Import Request.
  Time since last request: 30.808031 seconds.
  path: Assets/Backgrounds/Hopital_abandonado.png
  artifactKey: Guid(35e59f44d91748849a5e48d97159215c) Importer(815301076,1909f56bfc062723c751e8b465ee728b)
Start importing Assets/Backgrounds/Hopital_abandonado.png using Guid(35e59f44d91748849a5e48d97159215c) Importer(815301076,1909f56bfc062723c751e8b465ee728b) (PreviewImporter) -> (artifact id: 'dcd0bf135abc1338736ab50a30d10194') in 0.5749165 seconds
Number of updated asset objects reloaded before import = 0Number of asset objects unloaded after import = 258

========================================================================
Received Import Request.
  Time since last request: 14.720414 seconds.
  path: Assets/Backgrounds/Hopital_abandonado_0.asset
  artifactKey: Guid(7ab7cd3d70135384198a692880c1d285) Importer(815301076,1909f56bfc062723c751e8b465ee728b)
Start importing Assets/Backgrounds/Hopital_abandonado_0.asset using Guid(7ab7cd3d70135384198a692880c1d285) Importer(815301076,1909f56bfc062723c751e8b465ee728b) (PreviewImporter) -> (artifact id: 'ccb2b585d6e4e744e1bbc7f901d2168f') in 0.0221776 seconds
Number of updated asset objects reloaded before import = 0Number of asset objects unloaded after import = 3

========================================================================
Received Import Request.
  Time since last request: 0.000029 seconds.
  path: Assets/Backgrounds/Hopital_abandonado_22.asset
  artifactKey: Guid(a51998f35ec90ae44947be910cabe467) Importer(815301076,1909f56bfc062723c751e8b465ee728b)
Start importing Assets/Backgrounds/Hopital_abandonado_22.asset using Guid(a51998f35ec90ae44947be910cabe467) Importer(815301076,1909f56bfc062723c751e8b465ee728b) (PreviewImporter) -> (artifact id: 'b736303d0c9b9d6d085714f5ff23ea46') in 0.0171411 seconds
Number of updated asset objects reloaded before import = 0Number of asset objects unloaded after import = 3

========================================================================
Received Import Request.
  Time since last request: 0.000039 seconds.
  path: Assets/Backgrounds/Hopital_abandonado_17.asset
  artifactKey: Guid(8ef9777775dea5643aeb58ca3bddab2b) Importer(815301076,1909f56bfc062723c751e8b465ee728b)
Start importing Assets/Backgrounds/Hopital_abandonado_17.asset using Guid(8ef9777775dea5643aeb58ca3bddab2b) Importer(815301076,1909f56bfc062723c751e8b465ee728b) (PreviewImporter) -> (artifact id: 'ad5abe72065a9692fccbf7834aa3221d') in 0.0172461 seconds
Number of updated asset objects reloaded before import = 0Number of asset objects unloaded after import = 3

========================================================================
Received Import Request.
  Time since last request: 0.000020 seconds.
  path: Assets/Backgrounds/Hopital_abandonado_64.asset
  artifactKey: Guid(21495af42fab5aa4db840cb77a7f1f4b) Importer(815301076,1909f56bfc062723c751e8b465ee728b)
Start importing Assets/Backgrounds/Hopital_abandonado_64.asset using Guid(21495af42fab5aa4db840cb77a7f1f4b) Importer(815301076,1909f56bfc062723c751e8b465ee728b) (PreviewImporter) -> (artifact id: 'e8ee7ff01ddb96b09a7ced026085cf99') in 0.0154974 seconds
Number of updated asset objects reloaded before import = 0Number of asset objects unloaded after import = 3

========================================================================
Received Import Request.
  Time since last request: 0.000026 seconds.
  path: Assets/Backgrounds/Hopital_abandonado_9.asset
  artifactKey: Guid(2e5c86c966c75264582921673cdb92cd) Importer(815301076,1909f56bfc062723c751e8b465ee728b)
Start importing Assets/Backgrounds/Hopital_abandonado_9.asset using Guid(2e5c86c966c75264582921673cdb92cd) Importer(815301076,1909f56bfc062723c751e8b465ee728b) (PreviewImporter) -> (artifact id: '22514fa406b0d35570d8ce3461e47929') in 0.0179968 seconds
Number of updated asset objects reloaded before import = 0Number of asset objects unloaded after import = 3

========================================================================
Received Import Request.
  Time since last request: 0.000030 seconds.
  path: Assets/Backgrounds/Hopital_abandonado_37.asset
  artifactKey: Guid(1fa799f2da9a4b748ab58e5cedf8b071) Importer(815301076,1909f56bfc062723c751e8b465ee728b)
Start importing Assets/Backgrounds/Hopital_abandonado_37.asset using Guid(1fa799f2da9a4b748ab58e5cedf8b071) Importer(815301076,1909f56bfc062723c751e8b465ee728b) (PreviewImporter) -> (artifact id: '7888e604a866a9abeceeed13722eb300') in 0.0152773 seconds
Number of updated asset objects reloaded before import = 0Number of asset objects unloaded after import = 3

========================================================================
Received Import Request.
  Time since last request: 0.000031 seconds.
  path: Assets/Backgrounds/Hopital_abandonado_35.asset
  artifactKey: Guid(23746b4ecec5c194189e8ce87980de4f) Importer(815301076,1909f56bfc062723c751e8b465ee728b)
Start importing Assets/Backgrounds/Hopital_abandonado_35.asset using Guid(23746b4ecec5c194189e8ce87980de4f) Importer(815301076,1909f56bfc062723c751e8b465ee728b) (PreviewImporter) -> (artifact id: 'b4988946f0b793726174b5140b0c4b6c') in 0.0159104 seconds
Number of updated asset objects reloaded before import = 0Number of asset objects unloaded after import = 3

========================================================================
Received Import Request.
  Time since last request: 0.000030 seconds.
  path: Assets/Backgrounds/Hopital_abandonado_63.asset
  artifactKey: Guid(f987c2e0a1959cb4d801b569a1481263) Importer(815301076,1909f56bfc062723c751e8b465ee728b)
Start importing Assets/Backgrounds/Hopital_abandonado_63.asset using Guid(f987c2e0a1959cb4d801b569a1481263) Importer(815301076,1909f56bfc062723c751e8b465ee728b) (PreviewImporter) -> (artifact id: '7a9a9aa88ba2046ff2dd7d5c1861723e') in 0.0179216 seconds
Number of updated asset objects reloaded before import = 0Number of asset objects unloaded after import = 3

========================================================================
Received Import Request.
  Time since last request: 0.000025 seconds.
  path: Assets/Backgrounds/Hopital_abandonado_3.asset
  artifactKey: Guid(cca09f3c1d597f54fb0cd33bc1c36d03) Importer(815301076,1909f56bfc062723c751e8b465ee728b)
Start importing Assets/Backgrounds/Hopital_abandonado_3.asset using Guid(cca09f3c1d597f54fb0cd33bc1c36d03) Importer(815301076,1909f56bfc062723c751e8b465ee728b) (PreviewImporter) -> (artifact id: '213c931e8d402eeee5800f3c90e6be8b') in 0.0154016 seconds
Number of updated asset objects reloaded before import = 0Number of asset objects unloaded after import = 3

========================================================================
Received Import Request.
  Time since last request: 0.000022 seconds.
  path: Assets/Backgrounds/Hopital_abandonado_56.asset
  artifactKey: Guid(8bd9fda04a18fa3438ac558522317940) Importer(815301076,1909f56bfc062723c751e8b465ee728b)
Start importing Assets/Backgrounds/Hopital_abandonado_56.asset using Guid(8bd9fda04a18fa3438ac558522317940) Importer(815301076,1909f56bfc062723c751e8b465ee728b) (PreviewImporter) -> (artifact id: 'da03b15d875feacc5094299c60c0d1a0') in 0.0160162 seconds
Number of updated asset objects reloaded before import = 0Number of asset objects unloaded after import = 3

========================================================================
Received Import Request.
  Time since last request: 0.000029 seconds.
  path: Assets/Backgrounds/Hopital_abandonado_65.asset
  artifactKey: Guid(3def079806968c4408def62310ef2db6) Importer(815301076,1909f56bfc062723c751e8b465ee728b)
Start importing Assets/Backgrounds/Hopital_abandonado_65.asset using Guid(3def079806968c4408def62310ef2db6) Importer(815301076,1909f56bfc062723c751e8b465ee728b) (PreviewImporter) -> (artifact id: '7a9e8e21b071a6cbd05bc8d0aba9b9a6') in 0.0150599 seconds
Number of updated asset objects reloaded before import = 0Number of asset objects unloaded after import = 3

========================================================================
Received Import Request.
  Time since last request: 0.000025 seconds.
  path: Assets/Backgrounds/Hopital_abandonado_49.asset
  artifactKey: Guid(b4a8b1f59c945704a884663fe4a9fd60) Importer(815301076,1909f56bfc062723c751e8b465ee728b)
Start importing Assets/Backgrounds/Hopital_abandonado_49.asset using Guid(b4a8b1f59c945704a884663fe4a9fd60) Importer(815301076,1909f56bfc062723c751e8b465ee728b) (PreviewImporter) -> (artifact id: 'f6f0af319251dd57dbddbeed5dc81a44') in 0.0164135 seconds
Number of updated asset objects reloaded before import = 0Number of asset objects unloaded after import = 3

========================================================================
Received Import Request.
  Time since last request: 0.000034 seconds.
  path: Assets/Backgrounds/Hopital_abandonado_24.asset
  artifactKey: Guid(a3d472592e88f864ba457ac87cf57caf) Importer(815301076,1909f56bfc062723c751e8b465ee728b)
Start importing Assets/Backgrounds/Hopital_abandonado_24.asset using Guid(a3d472592e88f864ba457ac87cf57caf) Importer(815301076,1909f56bfc062723c751e8b465ee728b) (PreviewImporter) -> (artifact id: '72d58bbb829150d10a70e18e52dc87d8') in 0.0177294 seconds
Number of updated asset objects reloaded before import = 0Number of asset objects unloaded after import = 3

========================================================================
Received Import Request.
  Time since last request: 0.000023 seconds.
  path: Assets/Backgrounds/Hopital_abandonado_41.asset
  artifactKey: Guid(0e486e425e004184b84c85c28c92314b) Importer(815301076,1909f56bfc062723c751e8b465ee728b)
Start importing Assets/Backgrounds/Hopital_abandonado_41.asset using Guid(0e486e425e004184b84c85c28c92314b) Importer(815301076,1909f56bfc062723c751e8b465ee728b) (PreviewImporter) -> (artifact id: '07874762b4b7a09d25d261fe980ac9a6') in 0.0151827 seconds
Number of updated asset objects reloaded before import = 0Number of asset objects unloaded after import = 3

========================================================================
Received Import Request.
  Time since last request: 0.000025 seconds.
  path: Assets/Backgrounds/Hopital_abandonado_40.asset
  artifactKey: Guid(c3a1cb760d792544999a33f1a610bc94) Importer(815301076,1909f56bfc062723c751e8b465ee728b)
Start importing Assets/Backgrounds/Hopital_abandonado_40.asset using Guid(c3a1cb760d792544999a33f1a610bc94) Importer(815301076,1909f56bfc062723c751e8b465ee728b) (PreviewImporter) -> (artifact id: '8c6e546675da73f3cc441abb7afe3057') in 0.0169171 seconds
Number of updated asset objects reloaded before import = 0Number of asset objects unloaded after import = 3

========================================================================
Received Import Request.
  Time since last request: 0.000023 seconds.
  path: Assets/Backgrounds/Hopital_abandonado_43.asset
  artifactKey: Guid(9d42c31feba97c349940eca676aa67ba) Importer(815301076,1909f56bfc062723c751e8b465ee728b)
Start importing Assets/Backgrounds/Hopital_abandonado_43.asset using Guid(9d42c31feba97c349940eca676aa67ba) Importer(815301076,1909f56bfc062723c751e8b465ee728b) (PreviewImporter) -> (artifact id: 'dde0f4688df5df2921bcbe5032a22ea3') in 0.0148892 seconds
Number of updated asset objects reloaded before import = 0Number of asset objects unloaded after import = 3

========================================================================
Received Import Request.
  Time since last request: 0.000024 seconds.
  path: Assets/Backgrounds/Hopital_abandonado_21.asset
  artifactKey: Guid(1e587ce02e1fa7e449b02adb12946ddb) Importer(815301076,1909f56bfc062723c751e8b465ee728b)
Start importing Assets/Backgrounds/Hopital_abandonado_21.asset using Guid(1e587ce02e1fa7e449b02adb12946ddb) Importer(815301076,1909f56bfc062723c751e8b465ee728b) (PreviewImporter) -> (artifact id: '7daaf62770a279fa0c36bdd0167bc0d0') in 0.0145377 seconds
Number of updated asset objects reloaded before import = 0Number of asset objects unloaded after import = 3

========================================================================
Received Import Request.
  Time since last request: 0.000038 seconds.
  path: Assets/Backgrounds/Hopital_abandonado_7.asset
  artifactKey: Guid(408be6c671465884cb13d8c74300e459) Importer(815301076,1909f56bfc062723c751e8b465ee728b)
Start importing Assets/Backgrounds/Hopital_abandonado_7.asset using Guid(408be6c671465884cb13d8c74300e459) Importer(815301076,1909f56bfc062723c751e8b465ee728b) (PreviewImporter) -> (artifact id: '451c9b707bd8a6d0f2dc7358cde3ff19') in 0.0170952 seconds
Number of updated asset objects reloaded before import = 0Number of asset objects unloaded after import = 3

========================================================================
Received Import Request.
  Time since last request: 0.000020 seconds.
  path: Assets/Backgrounds/Hopital_abandonado_48.asset
  artifactKey: Guid(61104e05d73d1f6498f26110ed84225d) Importer(815301076,1909f56bfc062723c751e8b465ee728b)
Start importing Assets/Backgrounds/Hopital_abandonado_48.asset using Guid(61104e05d73d1f6498f26110ed84225d) Importer(815301076,1909f56bfc062723c751e8b465ee728b) (PreviewImporter) -> (artifact id: 'b8728ea6deba9f4503778ae957d750a2') in 0.0144295 seconds
Number of updated asset objects reloaded before import = 0Number of asset objects unloaded after import = 3

========================================================================
Received Import Request.
  Time since last request: 0.000024 seconds.
  path: Assets/Backgrounds/Hopital_abandonado_4.asset
  artifactKey: Guid(d42b4f35279eee648b74cdf45b708835) Importer(815301076,1909f56bfc062723c751e8b465ee728b)
Start importing Assets/Backgrounds/Hopital_abandonado_4.asset using Guid(d42b4f35279eee648b74cdf45b708835) Importer(815301076,1909f56bfc062723c751e8b465ee728b) (PreviewImporter) -> (artifact id: '660aa4417efcce8ffc7aadc9324c25ec') in 0.0166454 seconds
Number of updated asset objects reloaded before import = 0Number of asset objects unloaded after import = 3

========================================================================
Received Import Request.
  Time since last request: 0.000037 seconds.
  path: Assets/Backgrounds/Hopital_abandonado_62.asset
  artifactKey: Guid(5acc8dcc9ded19049ba73b07b07923d1) Importer(815301076,1909f56bfc062723c751e8b465ee728b)
Start importing Assets/Backgrounds/Hopital_abandonado_62.asset using Guid(5acc8dcc9ded19049ba73b07b07923d1) Importer(815301076,1909f56bfc062723c751e8b465ee728b) (PreviewImporter) -> (artifact id: 'bcf2f2a6747ed9280fa879358104f5d6') in 0.016007 seconds
Number of updated asset objects reloaded before import = 0Number of asset objects unloaded after import = 3

========================================================================
Received Import Request.
  Time since last request: 0.000024 seconds.
  path: Assets/Backgrounds/Hopital_abandonado_26.asset
  artifactKey: Guid(592ed2db1a5149a44a159862efe3992a) Importer(815301076,1909f56bfc062723c751e8b465ee728b)
Start importing Assets/Backgrounds/Hopital_abandonado_26.asset using Guid(592ed2db1a5149a44a159862efe3992a) Importer(815301076,1909f56bfc062723c751e8b465ee728b) (PreviewImporter) -> (artifact id: 'd439fe80fef0a432e0eca25007032a6e') in 0.0173766 seconds
Number of updated asset objects reloaded before import = 0Number of asset objects unloaded after import = 3

========================================================================
Received Import Request.
  Time since last request: 0.000050 seconds.
  path: Assets/Backgrounds/Hopital_abandonado_30.asset
  artifactKey: Guid(7b9427e4b8ba72442af981d1c629b3f4) Importer(815301076,1909f56bfc062723c751e8b465ee728b)
Start importing Assets/Backgrounds/Hopital_abandonado_30.asset using Guid(7b9427e4b8ba72442af981d1c629b3f4) Importer(815301076,1909f56bfc062723c751e8b465ee728b) (PreviewImporter) -> (artifact id: 'd8e20c14b2d5b2d612d47b99d106ca05') in 0.016247 seconds
Number of updated asset objects reloaded before import = 0Number of asset objects unloaded after import = 3

========================================================================
Received Import Request.
  Time since last request: 0.000027 seconds.
  path: Assets/Backgrounds/Hopital_abandonado_31.asset
  artifactKey: Guid(5860fbc419ff8cd489c4e07fdb16a8e3) Importer(815301076,1909f56bfc062723c751e8b465ee728b)
Start importing Assets/Backgrounds/Hopital_abandonado_31.asset using Guid(5860fbc419ff8cd489c4e07fdb16a8e3) Importer(815301076,1909f56bfc062723c751e8b465ee728b) (PreviewImporter) -> (artifact id: 'f05a1a705369e39402f3be9b03aee0c3') in 0.0179414 seconds
Number of updated asset objects reloaded before import = 0Number of asset objects unloaded after import = 3

========================================================================
Received Import Request.
  Time since last request: 0.000028 seconds.
  path: Assets/Backgrounds/Hopital_abandonado_53.asset
  artifactKey: Guid(ecab52e5059c06142b86092f2df8b809) Importer(815301076,1909f56bfc062723c751e8b465ee728b)
Start importing Assets/Backgrounds/Hopital_abandonado_53.asset using Guid(ecab52e5059c06142b86092f2df8b809) Importer(815301076,1909f56bfc062723c751e8b465ee728b) (PreviewImporter) -> (artifact id: 'be91653072d19c2592f74806db9175dd') in 0.0161512 seconds
Number of updated asset objects reloaded before import = 0Number of asset objects unloaded after import = 3

========================================================================
Received Import Request.
  Time since last request: 0.000021 seconds.
  path: Assets/Backgrounds/Hopital_abandonado_47.asset
  artifactKey: Guid(ba723ddf9034959469ef2e2e00428716) Importer(815301076,1909f56bfc062723c751e8b465ee728b)
Start importing Assets/Backgrounds/Hopital_abandonado_47.asset using Guid(ba723ddf9034959469ef2e2e00428716) Importer(815301076,1909f56bfc062723c751e8b465ee728b) (PreviewImporter) -> (artifact id: '1d84d6defb1b00ee90209d759b8d71a4') in 0.0163031 seconds
Number of updated asset objects reloaded before import = 0Number of asset objects unloaded after import = 3

========================================================================
Received Import Request.
  Time since last request: 0.000027 seconds.
  path: Assets/Backgrounds/Hopital_abandonado_19.asset
  artifactKey: Guid(4f53e34f4c3e6c4428af88359f779b03) Importer(815301076,1909f56bfc062723c751e8b465ee728b)
Start importing Assets/Backgrounds/Hopital_abandonado_19.asset using Guid(4f53e34f4c3e6c4428af88359f779b03) Importer(815301076,1909f56bfc062723c751e8b465ee728b) (PreviewImporter) -> (artifact id: '62e242552df2ffa9d345ac5124451e3c') in 0.0156868 seconds
Number of updated asset objects reloaded before import = 0Number of asset objects unloaded after import = 3

========================================================================
Received Import Request.
  Time since last request: 0.000034 seconds.
  path: Assets/Backgrounds/Hopital_abandonado_55.asset
  artifactKey: Guid(f615f1cbc91a11946b07d8d1b3aff827) Importer(815301076,1909f56bfc062723c751e8b465ee728b)
Start importing Assets/Backgrounds/Hopital_abandonado_55.asset using Guid(f615f1cbc91a11946b07d8d1b3aff827) Importer(815301076,1909f56bfc062723c751e8b465ee728b) (PreviewImporter) -> (artifact id: '0c4905bb9484e86a94f80b04e0d321b5') in 0.0154437 seconds
Number of updated asset objects reloaded before import = 0Number of asset objects unloaded after import = 3

========================================================================
Received Import Request.
  Time since last request: 0.000020 seconds.
  path: Assets/Backgrounds/Hopital_abandonado_38.asset
  artifactKey: Guid(6bbe0a619fd5da14a9d1c92b16fe36d2) Importer(815301076,1909f56bfc062723c751e8b465ee728b)
Start importing Assets/Backgrounds/Hopital_abandonado_38.asset using Guid(6bbe0a619fd5da14a9d1c92b16fe36d2) Importer(815301076,1909f56bfc062723c751e8b465ee728b) (PreviewImporter) -> (artifact id: '76bdde8929e32f8c2529c77c7dd864c2') in 0.0166239 seconds
Number of updated asset objects reloaded before import = 0Number of asset objects unloaded after import = 3

========================================================================
Received Import Request.
  Time since last request: 0.000028 seconds.
  path: Assets/Backgrounds/Hopital_abandonado_36.asset
  artifactKey: Guid(63c07d97a39d6ef428e8ba83f55e038d) Importer(815301076,1909f56bfc062723c751e8b465ee728b)
Start importing Assets/Backgrounds/Hopital_abandonado_36.asset using Guid(63c07d97a39d6ef428e8ba83f55e038d) Importer(815301076,1909f56bfc062723c751e8b465ee728b) (PreviewImporter) -> (artifact id: 'a66590884a924c6f41627a378a95aac2') in 0.0160691 seconds
Number of updated asset objects reloaded before import = 0Number of asset objects unloaded after import = 3

========================================================================
Received Import Request.
  Time since last request: 0.000022 seconds.
  path: Assets/Backgrounds/Hopital_abandonado_10.asset
  artifactKey: Guid(3e65ea7efbedbe4448c34d33b35a8963) Importer(815301076,1909f56bfc062723c751e8b465ee728b)
Start importing Assets/Backgrounds/Hopital_abandonado_10.asset using Guid(3e65ea7efbedbe4448c34d33b35a8963) Importer(815301076,1909f56bfc062723c751e8b465ee728b) (PreviewImporter) -> (artifact id: 'b4c0ceddca1f337a4aac0920c2f96502') in 0.0160586 seconds
Number of updated asset objects reloaded before import = 0Number of asset objects unloaded after import = 3

========================================================================
Received Import Request.
  Time since last request: 0.000023 seconds.
  path: Assets/Backgrounds/Hopital_abandonado_50.asset
  artifactKey: Guid(53121a9c23ede104892b210402228b6e) Importer(815301076,1909f56bfc062723c751e8b465ee728b)
Start importing Assets/Backgrounds/Hopital_abandonado_50.asset using Guid(53121a9c23ede104892b210402228b6e) Importer(815301076,1909f56bfc062723c751e8b465ee728b) (PreviewImporter) -> (artifact id: 'd8105209b627c78760a38f73c2a80516') in 0.0161995 seconds
Number of updated asset objects reloaded before import = 0Number of asset objects unloaded after import = 3

========================================================================
Received Import Request.
  Time since last request: 0.000035 seconds.
  path: Assets/Backgrounds/Hopital_abandonado_66.asset
  artifactKey: Guid(f3fe9bad5a09cb449a33b0e34cf00373) Importer(815301076,1909f56bfc062723c751e8b465ee728b)
Start importing Assets/Backgrounds/Hopital_abandonado_66.asset using Guid(f3fe9bad5a09cb449a33b0e34cf00373) Importer(815301076,1909f56bfc062723c751e8b465ee728b) (PreviewImporter) -> (artifact id: '0d9e235d03727928970adbc6a27c699f') in 0.0159556 seconds
Number of updated asset objects reloaded before import = 0Number of asset objects unloaded after import = 3

========================================================================
Received Import Request.
  Time since last request: 0.000021 seconds.
  path: Assets/Backgrounds/Hopital_abandonado_34.asset
  artifactKey: Guid(8bb5da34c202ab0428bd3a7516c12914) Importer(815301076,1909f56bfc062723c751e8b465ee728b)
Start importing Assets/Backgrounds/Hopital_abandonado_34.asset using Guid(8bb5da34c202ab0428bd3a7516c12914) Importer(815301076,1909f56bfc062723c751e8b465ee728b) (PreviewImporter) -> (artifact id: '29e2d9cb7b16dff02a671896af116b37') in 0.0178978 seconds
Number of updated asset objects reloaded before import = 0Number of asset objects unloaded after import = 3

========================================================================
Received Import Request.
  Time since last request: 0.000023 seconds.
  path: Assets/Backgrounds/Hopital_abandonado_5.asset
  artifactKey: Guid(1e6c58db04369cc46b9b6670c39996fa) Importer(815301076,1909f56bfc062723c751e8b465ee728b)
Start importing Assets/Backgrounds/Hopital_abandonado_5.asset using Guid(1e6c58db04369cc46b9b6670c39996fa) Importer(815301076,1909f56bfc062723c751e8b465ee728b) (PreviewImporter) -> (artifact id: '74ba21140c53286ca574fb2428c19646') in 0.0173951 seconds
Number of updated asset objects reloaded before import = 0Number of asset objects unloaded after import = 3

========================================================================
Received Import Request.
  Time since last request: 16.219258 seconds.
  path: Assets/Backgrounds/Hopital_abandonado.png
  artifactKey: Guid(35e59f44d91748849a5e48d97159215c) Importer(815301076,1909f56bfc062723c751e8b465ee728b)
Start importing Assets/Backgrounds/Hopital_abandonado.png using Guid(35e59f44d91748849a5e48d97159215c) Importer(815301076,1909f56bfc062723c751e8b465ee728b) (PreviewImporter) -> (artifact id: '0fdd32362ee6f466e9821c5ec1508d71') in 0.6510914 seconds
Number of updated asset objects reloaded before import = 0Number of asset objects unloaded after import = 258

========================================================================
Received Import Request.
  Time since last request: 0.000024 seconds.
  path: Assets/Backgrounds/Hopital_abandonado_15.asset
  artifactKey: Guid(8d7d0e2830ac6be4386bbd5aa7a8b151) Importer(815301076,1909f56bfc062723c751e8b465ee728b)
Start importing Assets/Backgrounds/Hopital_abandonado_15.asset using Guid(8d7d0e2830ac6be4386bbd5aa7a8b151) Importer(815301076,1909f56bfc062723c751e8b465ee728b) (PreviewImporter) -> (artifact id: '579045ee0c1eb56a27bcc22220f3e7f2') in 0.0075422 seconds
Number of updated asset objects reloaded before import = 0Number of asset objects unloaded after import = 3

========================================================================
Received Import Request.
  Time since last request: 0.000029 seconds.
  path: Assets/Backgrounds/Hopital_abandonado_4.asset
  artifactKey: Guid(d42b4f35279eee648b74cdf45b708835) Importer(815301076,1909f56bfc062723c751e8b465ee728b)
Start importing Assets/Backgrounds/Hopital_abandonado_4.asset using Guid(d42b4f35279eee648b74cdf45b708835) Importer(815301076,1909f56bfc062723c751e8b465ee728b) (PreviewImporter) -> (artifact id: '362649aeaae0759ff79f530e96a5c3e8') in 0.0079832 seconds
Number of updated asset objects reloaded before import = 0Number of asset objects unloaded after import = 3

========================================================================
Received Import Request.
  Time since last request: 0.000036 seconds.
  path: Assets/Backgrounds/Hopital_abandonado_12.asset
  artifactKey: Guid(8c8bc10a813968946badaca5b662da39) Importer(815301076,1909f56bfc062723c751e8b465ee728b)
Start importing Assets/Backgrounds/Hopital_abandonado_12.asset using Guid(8c8bc10a813968946badaca5b662da39) Importer(815301076,1909f56bfc062723c751e8b465ee728b) (PreviewImporter) -> (artifact id: '34fa142bb0fbc62ec65c800a75bf17d3') in 0.0087316 seconds
Number of updated asset objects reloaded before import = 0Number of asset objects unloaded after import = 3

========================================================================
Received Import Request.
  Time since last request: 0.000021 seconds.
  path: Assets/Backgrounds/Hopital_abandonado_31.asset
  artifactKey: Guid(5860fbc419ff8cd489c4e07fdb16a8e3) Importer(815301076,1909f56bfc062723c751e8b465ee728b)
Start importing Assets/Backgrounds/Hopital_abandonado_31.asset using Guid(5860fbc419ff8cd489c4e07fdb16a8e3) Importer(815301076,1909f56bfc062723c751e8b465ee728b) (PreviewImporter) -> (artifact id: 'fd5d04cc6dbf3ae8fb240d661fa51772') in 0.00724 seconds
Number of updated asset objects reloaded before import = 0Number of asset objects unloaded after import = 3

========================================================================
Received Import Request.
  Time since last request: 0.000023 seconds.
  path: Assets/Backgrounds/Hopital_abandonado_47.asset
  artifactKey: Guid(ba723ddf9034959469ef2e2e00428716) Importer(815301076,1909f56bfc062723c751e8b465ee728b)
Start importing Assets/Backgrounds/Hopital_abandonado_47.asset using Guid(ba723ddf9034959469ef2e2e00428716) Importer(815301076,1909f56bfc062723c751e8b465ee728b) (PreviewImporter) -> (artifact id: '440ffc202babb0ae857c67dd697c497b') in 0.0078568 seconds
Number of updated asset objects reloaded before import = 0Number of asset objects unloaded after import = 3

========================================================================
Received Import Request.
  Time since last request: 0.000022 seconds.
  path: Assets/Backgrounds/Hopital_abandonado_55.asset
  artifactKey: Guid(f615f1cbc91a11946b07d8d1b3aff827) Importer(815301076,1909f56bfc062723c751e8b465ee728b)
Start importing Assets/Backgrounds/Hopital_abandonado_55.asset using Guid(f615f1cbc91a11946b07d8d1b3aff827) Importer(815301076,1909f56bfc062723c751e8b465ee728b) (PreviewImporter) -> (artifact id: '5207f631322b9d0728f360292d6ca433') in 0.0078968 seconds
Number of updated asset objects reloaded before import = 0Number of asset objects unloaded after import = 3

========================================================================
Received Import Request.
  Time since last request: 0.000032 seconds.
  path: Assets/Backgrounds/Hopital_abandonado_36.asset
  artifactKey: Guid(63c07d97a39d6ef428e8ba83f55e038d) Importer(815301076,1909f56bfc062723c751e8b465ee728b)
Start importing Assets/Backgrounds/Hopital_abandonado_36.asset using Guid(63c07d97a39d6ef428e8ba83f55e038d) Importer(815301076,1909f56bfc062723c751e8b465ee728b) (PreviewImporter) -> (artifact id: 'a94e058713d008a412473f919e44505f') in 0.0068189 seconds
Number of updated asset objects reloaded before import = 0Number of asset objects unloaded after import = 3

========================================================================
Received Import Request.
  Time since last request: 0.000019 seconds.
  path: Assets/Backgrounds/Hopital_abandonado_50.asset
  artifactKey: Guid(53121a9c23ede104892b210402228b6e) Importer(815301076,1909f56bfc062723c751e8b465ee728b)
Start importing Assets/Backgrounds/Hopital_abandonado_50.asset using Guid(53121a9c23ede104892b210402228b6e) Importer(815301076,1909f56bfc062723c751e8b465ee728b) (PreviewImporter) -> (artifact id: '9eac68113ec57cf26eb6196832db6724') in 0.0074557 seconds
Number of updated asset objects reloaded before import = 0Number of asset objects unloaded after import = 3

========================================================================
Received Import Request.
  Time since last request: 0.000021 seconds.
  path: Assets/Backgrounds/Hopital_abandonado_34.asset
  artifactKey: Guid(8bb5da34c202ab0428bd3a7516c12914) Importer(815301076,1909f56bfc062723c751e8b465ee728b)
Start importing Assets/Backgrounds/Hopital_abandonado_34.asset using Guid(8bb5da34c202ab0428bd3a7516c12914) Importer(815301076,1909f56bfc062723c751e8b465ee728b) (PreviewImporter) -> (artifact id: '8cc30f139de3821b67515a77808ebeeb') in 0.0143283 seconds
Number of updated asset objects reloaded before import = 0Number of asset objects unloaded after import = 3

Editor requested this worker to shutdown with reason: Scaling down because of idle timeout
AssetImportWorker is now disconnected from the server
Process exiting
Exiting without the bug reporter. Application will terminate with return code 0