Using pre-set license
Built from '6000.0/release' branch; Version is '6000.0.44f1 (101c91f3a8fb) revision 1055889'; Using compiler version '193933523'; Build Type 'Release'
OS: 'Windows 11  (10.0.26100) 64bit Professional' Language: 'es' Physical Memory: 16296 MB
BatchMode: 1, IsHumanControllingUs: 0, StartBugReporterOnCrash: 0, Is64bit: 1, IsPro: 1

COMMAND LINE ARGUMENTS:
C:\Program Files\Unity\Hub\Editor\6000.0.44f1\Editor\Unity.exe
-adb2
-batchMode
-noUpm
-name
AssetImportWorker12
-projectPath
C:/Users/Lizbeth/My project
-logFile
Logs/AssetImportWorker12.log
-srvPort
52665
-job-worker-count
7
-background-job-worker-count
8
-gc-helper-count
1
Successfully changed project path to: C:/Users/Lizbeth/My project
C:/Users/Lizbeth/My project
[UnityMemory] Configuration Parameters - Can be set up in boot.config
    "memorysetup-bucket-allocator-granularity=16"
    "memorysetup-bucket-allocator-bucket-count=8"
    "memorysetup-bucket-allocator-block-size=33554432"
    "memorysetup-bucket-allocator-block-count=8"
    "memorysetup-main-allocator-block-size=16777216"
    "memorysetup-thread-allocator-block-size=16777216"
    "memorysetup-gfx-main-allocator-block-size=16777216"
    "memorysetup-gfx-thread-allocator-block-size=16777216"
    "memorysetup-cache-allocator-block-size=4194304"
    "memorysetup-typetree-allocator-block-size=2097152"
    "memorysetup-profiler-bucket-allocator-granularity=16"
    "memorysetup-profiler-bucket-allocator-bucket-count=8"
    "memorysetup-profiler-bucket-allocator-block-size=33554432"
    "memorysetup-profiler-bucket-allocator-block-count=8"
    "memorysetup-profiler-allocator-block-size=16777216"
    "memorysetup-profiler-editor-allocator-block-size=1048576"
    "memorysetup-temp-allocator-size-main=16777216"
    "memorysetup-job-temp-allocator-block-size=2097152"
    "memorysetup-job-temp-allocator-block-size-background=1048576"
    "memorysetup-job-temp-allocator-reduction-small-platforms=262144"
    "memorysetup-allocator-temp-initial-block-size-main=262144"
    "memorysetup-allocator-temp-initial-block-size-worker=262144"
    "memorysetup-temp-allocator-size-background-worker=32768"
    "memorysetup-temp-allocator-size-job-worker=262144"
    "memorysetup-temp-allocator-size-preload-manager=33554432"
    "memorysetup-temp-allocator-size-nav-mesh-worker=65536"
    "memorysetup-temp-allocator-size-audio-worker=65536"
    "memorysetup-temp-allocator-size-cloud-worker=32768"
    "memorysetup-temp-allocator-size-gi-baking-worker=262144"
    "memorysetup-temp-allocator-size-gi-baking-worker=262144"
    "memorysetup-temp-allocator-size-gi-baking-worker=262144"
    "memorysetup-temp-allocator-size-gi-baking-worker=262144"
    "memorysetup-temp-allocator-size-gi-baking-worker=262144"
    "memorysetup-temp-allocator-size-gfx=262144"
Player connection [12268]  Target information:

Player connection [12268]  * "[IP] 10.33.24.75 [Port] 0 [Flags] 2 [Guid] 3570581626 [EditorId] 3570581626 [Version] 1048832 [Id] WindowsEditor(7,AVISPON-BLANCO) [Debug] 1 [PackageName] WindowsEditor [ProjectName] Editor" 

Player connection [12268] Host joined multi-casting on [225.0.0.222:54997]...
Player connection [12268] Host joined alternative multi-casting on [225.0.0.222:34997]...
JobSystem: Creating JobQueue using job-worker-count value 7
Input System module state changed to: Initialized.
[Physics::Module] Initialized fallback backend.
[Physics::Module] Id: 0xdecafbad
Library Redirect Path: Library/
[Physics::Module] Selected backend.
[Physics::Module] Name: PhysX
[Physics::Module] Id: 0xf2b8ea05
[Physics::Module] SDK Version: 4.1.2
[Physics::Module] Integration Version: 1.0.0
[Physics::Module] Threading Mode: Multi-Threaded
Refreshing native plugins compatible for Editor in 4.28 ms, found 4 plugins.
Preloading 0 native plugins for Editor in 0.00 ms.
Initialize engine version: 6000.0.44f1 (101c91f3a8fb)
[Subsystems] Discovering subsystems at path C:/Program Files/Unity/Hub/Editor/6000.0.44f1/Editor/Data/Resources/UnitySubsystems
[Subsystems] Discovering subsystems at path C:/Users/Lizbeth/My project/Assets
GfxDevice: creating device client; kGfxThreadingModeNonThreaded
Direct3D:
    Version:  Direct3D 11.0 [level 11.1]
    Renderer: NVIDIA GeForce GTX 1080 (ID=0x1b80)
    Vendor:   NVIDIA
    VRAM:     8059 MB
    Driver:   32.0.15.6614
Initialize mono
Mono path[0] = 'C:/Program Files/Unity/Hub/Editor/6000.0.44f1/Editor/Data/Managed'
Mono path[1] = 'C:/Program Files/Unity/Hub/Editor/6000.0.44f1/Editor/Data/MonoBleedingEdge/lib/mono/unityjit-win32'
Mono config path = 'C:/Program Files/Unity/Hub/Editor/6000.0.44f1/Editor/Data/MonoBleedingEdge/etc'
Using monoOptions --debugger-agent=transport=dt_socket,embedding=1,server=y,suspend=n,address=127.0.0.1:56868
Begin MonoManager ReloadAssembly
Registering precompiled unity dll's ...
Register platform support module: C:/Program Files/Unity/Hub/Editor/6000.0.44f1/Editor/Data/PlaybackEngines/WebGLSupport/UnityEditor.WebGL.Extensions.dll
Register platform support module: C:/Program Files/Unity/Hub/Editor/6000.0.44f1/Editor/Data/PlaybackEngines/WindowsStandaloneSupport/UnityEditor.WindowsStandalone.Extensions.dll
Registered in 0.006330 seconds.
- Loaded All Assemblies, in  0.489 seconds
Native extension for WindowsStandalone target not found
Native extension for WebGL target not found
Mono: successfully reloaded assembly
- Finished resetting the current domain, in  0.400 seconds
Domain Reload Profiling: 884ms
	BeginReloadAssembly (161ms)
		ExecutionOrderSort (0ms)
		DisableScriptedObjects (0ms)
		BackupInstance (0ms)
		ReleaseScriptingObjects (0ms)
		CreateAndSetChildDomain (1ms)
	RebuildCommonClasses (49ms)
	RebuildNativeTypeToScriptingClass (15ms)
	initialDomainReloadingComplete (67ms)
	LoadAllAssembliesAndSetupDomain (192ms)
		LoadAssemblies (155ms)
		RebuildTransferFunctionScriptingTraits (0ms)
		AnalyzeDomain (188ms)
			TypeCache.Refresh (186ms)
				TypeCache.ScanAssembly (171ms)
			BuildScriptInfoCaches (0ms)
			ResolveRequiredComponents (1ms)
	FinalizeReload (401ms)
		ReleaseScriptCaches (0ms)
		RebuildScriptCaches (0ms)
		SetupLoadedEditorAssemblies (346ms)
			LogAssemblyErrors (0ms)
			InitializePlatformSupportModulesInManaged (31ms)
			SetLoadedEditorAssemblies (5ms)
			BeforeProcessingInitializeOnLoad (61ms)
			ProcessInitializeOnLoadAttributes (180ms)
			ProcessInitializeOnLoadMethodAttributes (70ms)
			AfterProcessingInitializeOnLoad (0ms)
			EditorAssembliesLoaded (0ms)
		ExecutionOrderSort2 (0ms)
		AwakeInstancesAfterBackupRestoration (0ms)
========================================================================
Worker process is ready to serve import requests
Import Worker Mode flag is 0x00
Begin MonoManager ReloadAssembly
- Loaded All Assemblies, in  1.058 seconds
Refreshing native plugins compatible for Editor in 2.82 ms, found 4 plugins.
Native extension for WindowsStandalone target not found
Native extension for WebGL target not found
Mono: successfully reloaded assembly
- Finished resetting the current domain, in  0.965 seconds
Domain Reload Profiling: 2012ms
	BeginReloadAssembly (205ms)
		ExecutionOrderSort (0ms)
		DisableScriptedObjects (8ms)
		BackupInstance (0ms)
		ReleaseScriptingObjects (0ms)
		CreateAndSetChildDomain (30ms)
	RebuildCommonClasses (48ms)
	RebuildNativeTypeToScriptingClass (14ms)
	initialDomainReloadingComplete (53ms)
	LoadAllAssembliesAndSetupDomain (726ms)
		LoadAssemblies (512ms)
		RebuildTransferFunctionScriptingTraits (0ms)
		AnalyzeDomain (339ms)
			TypeCache.Refresh (248ms)
				TypeCache.ScanAssembly (228ms)
			BuildScriptInfoCaches (74ms)
			ResolveRequiredComponents (13ms)
	FinalizeReload (965ms)
		ReleaseScriptCaches (0ms)
		RebuildScriptCaches (0ms)
		SetupLoadedEditorAssemblies (776ms)
			LogAssemblyErrors (0ms)
			InitializePlatformSupportModulesInManaged (3ms)
			SetLoadedEditorAssemblies (5ms)
			BeforeProcessingInitializeOnLoad (150ms)
			ProcessInitializeOnLoadAttributes (451ms)
			ProcessInitializeOnLoadMethodAttributes (152ms)
			AfterProcessingInitializeOnLoad (13ms)
			EditorAssembliesLoaded (0ms)
		ExecutionOrderSort2 (0ms)
		AwakeInstancesAfterBackupRestoration (8ms)
Launched and connected shader compiler UnityShaderCompiler.exe after 0.02 seconds
Refreshing native plugins compatible for Editor in 2.84 ms, found 4 plugins.
Preloading 0 native plugins for Editor in 0.00 ms.
Unloading 206 Unused Serialized files (Serialized files now loaded: 0)
Unloading 6576 unused Assets / (7.4 MB). Loaded Objects now: 7220.
Memory consumption went from 175.2 MB to 167.8 MB.
Total: 13.497400 ms (FindLiveObjects: 1.004200 ms CreateObjectMapping: 0.761700 ms MarkObjects: 6.565800 ms  DeleteObjects: 5.163400 ms)

========================================================================
Received Import Request.
  Time since last request: 26534.863693 seconds.
  path: Assets/Backgrounds/sotano_bg_2_28.asset
  artifactKey: Guid(8612d1b34b1024e4fa028e9a25725f4b) Importer(815301076,1909f56bfc062723c751e8b465ee728b)
Start importing Assets/Backgrounds/sotano_bg_2_28.asset using Guid(8612d1b34b1024e4fa028e9a25725f4b) Importer(815301076,1909f56bfc062723c751e8b465ee728b) (PreviewImporter) -> (artifact id: 'bf15eda82d2e38d6e48863d75a3d7865') in 0.1208752 seconds
Number of updated asset objects reloaded before import = 0Number of asset objects unloaded after import = 3

========================================================================
Received Import Request.
  Time since last request: 0.000036 seconds.
  path: Assets/Backgrounds/sotano_bg_2_89.asset
  artifactKey: Guid(304a8095c738c4945a271975ecf56285) Importer(815301076,1909f56bfc062723c751e8b465ee728b)
Start importing Assets/Backgrounds/sotano_bg_2_89.asset using Guid(304a8095c738c4945a271975ecf56285) Importer(815301076,1909f56bfc062723c751e8b465ee728b) (PreviewImporter) -> (artifact id: '1669ff6298ed703d3c2f92edbbc14c18') in 0.0178814 seconds
Number of updated asset objects reloaded before import = 0Number of asset objects unloaded after import = 3

========================================================================
Received Import Request.
  Time since last request: 0.000035 seconds.
  path: Assets/Backgrounds/sotano_bg_2_130.asset
  artifactKey: Guid(0e043e00d68c3bf4cbf0b59ab10a7a92) Importer(815301076,1909f56bfc062723c751e8b465ee728b)
Start importing Assets/Backgrounds/sotano_bg_2_130.asset using Guid(0e043e00d68c3bf4cbf0b59ab10a7a92) Importer(815301076,1909f56bfc062723c751e8b465ee728b) (PreviewImporter) -> (artifact id: '5fc480ad7011e7aa8673b9e5cb6bacbd') in 0.0160822 seconds
Number of updated asset objects reloaded before import = 0Number of asset objects unloaded after import = 3

========================================================================
Received Import Request.
  Time since last request: 0.000018 seconds.
  path: Assets/Backgrounds/sotano_bg_2_118.asset
  artifactKey: Guid(ff2872ba0461a564ca8da8c38fbcb46a) Importer(815301076,1909f56bfc062723c751e8b465ee728b)
Start importing Assets/Backgrounds/sotano_bg_2_118.asset using Guid(ff2872ba0461a564ca8da8c38fbcb46a) Importer(815301076,1909f56bfc062723c751e8b465ee728b) (PreviewImporter) -> (artifact id: '5efb4eddc3bc9d6ffc71954edf0ca99b') in 0.0145192 seconds
Number of updated asset objects reloaded before import = 0Number of asset objects unloaded after import = 3

========================================================================
Received Import Request.
  Time since last request: 0.000019 seconds.
  path: Assets/Backgrounds/sotano_bg_2_132.asset
  artifactKey: Guid(f2451ebffd3b344419c934fb9fda6b85) Importer(815301076,1909f56bfc062723c751e8b465ee728b)
Start importing Assets/Backgrounds/sotano_bg_2_132.asset using Guid(f2451ebffd3b344419c934fb9fda6b85) Importer(815301076,1909f56bfc062723c751e8b465ee728b) (PreviewImporter) -> (artifact id: '01e1bedfd3f1f149b3421d6bcab67e05') in 0.0149409 seconds
Number of updated asset objects reloaded before import = 0Number of asset objects unloaded after import = 3

========================================================================
Received Import Request.
  Time since last request: 0.000019 seconds.
  path: Assets/Backgrounds/sotano_bg_2_177.asset
  artifactKey: Guid(f05a0f430c202b244b76da7e735e5c2c) Importer(815301076,1909f56bfc062723c751e8b465ee728b)
Start importing Assets/Backgrounds/sotano_bg_2_177.asset using Guid(f05a0f430c202b244b76da7e735e5c2c) Importer(815301076,1909f56bfc062723c751e8b465ee728b) (PreviewImporter) -> (artifact id: '36f0f3f8ed403d32504995cb0e44f721') in 0.0166857 seconds
Number of updated asset objects reloaded before import = 0Number of asset objects unloaded after import = 3

========================================================================
Received Import Request.
  Time since last request: 0.000025 seconds.
  path: Assets/Backgrounds/sotano_bg_2_201.asset
  artifactKey: Guid(925f6be85acdba0408f8f48b31c8fe1a) Importer(815301076,1909f56bfc062723c751e8b465ee728b)
Start importing Assets/Backgrounds/sotano_bg_2_201.asset using Guid(925f6be85acdba0408f8f48b31c8fe1a) Importer(815301076,1909f56bfc062723c751e8b465ee728b) (PreviewImporter) -> (artifact id: '7e5b035b2cd4a92031bacb57b775d59c') in 0.0172344 seconds
Number of updated asset objects reloaded before import = 0Number of asset objects unloaded after import = 3

========================================================================
Received Import Request.
  Time since last request: 0.000039 seconds.
  path: Assets/Backgrounds/sotano_bg_2_234.asset
  artifactKey: Guid(638b1216c6467e4449de368e96c44345) Importer(815301076,1909f56bfc062723c751e8b465ee728b)
Start importing Assets/Backgrounds/sotano_bg_2_234.asset using Guid(638b1216c6467e4449de368e96c44345) Importer(815301076,1909f56bfc062723c751e8b465ee728b) (PreviewImporter) -> (artifact id: '3267f921391ded26fb508938cddb9889') in 0.0144635 seconds
Number of updated asset objects reloaded before import = 0Number of asset objects unloaded after import = 3

========================================================================
Received Import Request.
  Time since last request: 0.000021 seconds.
  path: Assets/Backgrounds/sotano_bg_2_200.asset
  artifactKey: Guid(1cf5dbf5d16acce43a7af4499a119dd6) Importer(815301076,1909f56bfc062723c751e8b465ee728b)
Start importing Assets/Backgrounds/sotano_bg_2_200.asset using Guid(1cf5dbf5d16acce43a7af4499a119dd6) Importer(815301076,1909f56bfc062723c751e8b465ee728b) (PreviewImporter) -> (artifact id: '1fa11a22141af1b46f83a2009de84d15') in 0.0153878 seconds
Number of updated asset objects reloaded before import = 0Number of asset objects unloaded after import = 3

========================================================================
Received Import Request.
  Time since last request: 0.000019 seconds.
  path: Assets/Backgrounds/sotano_bg_2_117.asset
  artifactKey: Guid(ff4c4a84d1d9b2e46952dfcfba9487a7) Importer(815301076,1909f56bfc062723c751e8b465ee728b)
Start importing Assets/Backgrounds/sotano_bg_2_117.asset using Guid(ff4c4a84d1d9b2e46952dfcfba9487a7) Importer(815301076,1909f56bfc062723c751e8b465ee728b) (PreviewImporter) -> (artifact id: '612bdfb3f5e3b5f2a46f1fe1783d985a') in 0.0152951 seconds
Number of updated asset objects reloaded before import = 0Number of asset objects unloaded after import = 3

========================================================================
Received Import Request.
  Time since last request: 0.000020 seconds.
  path: Assets/Backgrounds/sotano_bg_2_55.asset
  artifactKey: Guid(5335f662f49d8414bb0de48e9f35a2aa) Importer(815301076,1909f56bfc062723c751e8b465ee728b)
Start importing Assets/Backgrounds/sotano_bg_2_55.asset using Guid(5335f662f49d8414bb0de48e9f35a2aa) Importer(815301076,1909f56bfc062723c751e8b465ee728b) (PreviewImporter) -> (artifact id: '4df1f61e2e86cff574ef355c79723c43') in 0.0168551 seconds
Number of updated asset objects reloaded before import = 0Number of asset objects unloaded after import = 3

========================================================================
Received Import Request.
  Time since last request: 0.000028 seconds.
  path: Assets/Backgrounds/sotano_bg_2_244.asset
  artifactKey: Guid(2263ea401079bd8429c1e5ac76a0f317) Importer(815301076,1909f56bfc062723c751e8b465ee728b)
Start importing Assets/Backgrounds/sotano_bg_2_244.asset using Guid(2263ea401079bd8429c1e5ac76a0f317) Importer(815301076,1909f56bfc062723c751e8b465ee728b) (PreviewImporter) -> (artifact id: 'b19d0845a4c250f37086e0b3af7fdb7e') in 0.0157938 seconds
Number of updated asset objects reloaded before import = 0Number of asset objects unloaded after import = 3

========================================================================
Received Import Request.
  Time since last request: 0.000039 seconds.
  path: Assets/Backgrounds/sotano_bg_2_110.asset
  artifactKey: Guid(d379ad2dc0e80fd4797efa93e8402a75) Importer(815301076,1909f56bfc062723c751e8b465ee728b)
Start importing Assets/Backgrounds/sotano_bg_2_110.asset using Guid(d379ad2dc0e80fd4797efa93e8402a75) Importer(815301076,1909f56bfc062723c751e8b465ee728b) (PreviewImporter) -> (artifact id: '44289f07c18da857608f24a210c40dda') in 0.0177245 seconds
Number of updated asset objects reloaded before import = 0Number of asset objects unloaded after import = 3

========================================================================
Received Import Request.
  Time since last request: 0.000025 seconds.
  path: Assets/Backgrounds/sotano_bg_2_51.asset
  artifactKey: Guid(76321a1d068ff0c449358b1c024249b9) Importer(815301076,1909f56bfc062723c751e8b465ee728b)
Start importing Assets/Backgrounds/sotano_bg_2_51.asset using Guid(76321a1d068ff0c449358b1c024249b9) Importer(815301076,1909f56bfc062723c751e8b465ee728b) (PreviewImporter) -> (artifact id: '7e8db582c705f085ed87d25832549437') in 0.0150278 seconds
Number of updated asset objects reloaded before import = 0Number of asset objects unloaded after import = 3

========================================================================
Received Import Request.
  Time since last request: 0.000021 seconds.
  path: Assets/Backgrounds/sotano_bg_2_94.asset
  artifactKey: Guid(4fa55cfbb80d7654e8627ee849e3ede6) Importer(815301076,1909f56bfc062723c751e8b465ee728b)
Start importing Assets/Backgrounds/sotano_bg_2_94.asset using Guid(4fa55cfbb80d7654e8627ee849e3ede6) Importer(815301076,1909f56bfc062723c751e8b465ee728b) (PreviewImporter) -> (artifact id: '802e223254a194628fa7cc83c02fb1b2') in 0.0158948 seconds
Number of updated asset objects reloaded before import = 0Number of asset objects unloaded after import = 3

========================================================================
Received Import Request.
  Time since last request: 0.000032 seconds.
  path: Assets/Backgrounds/sotano_bg_2_239.asset
  artifactKey: Guid(7756d58f5c85045449f65dec0ae58424) Importer(815301076,1909f56bfc062723c751e8b465ee728b)
Start importing Assets/Backgrounds/sotano_bg_2_239.asset using Guid(7756d58f5c85045449f65dec0ae58424) Importer(815301076,1909f56bfc062723c751e8b465ee728b) (PreviewImporter) -> (artifact id: '5043c91a03cf5e3d34f9cbeabe7ce728') in 0.0168762 seconds
Number of updated asset objects reloaded before import = 0Number of asset objects unloaded after import = 3

========================================================================
Received Import Request.
  Time since last request: 0.000031 seconds.
  path: Assets/Backgrounds/sotano_bg_2_255.asset
  artifactKey: Guid(c581198f35854014b836c620863d514c) Importer(815301076,1909f56bfc062723c751e8b465ee728b)
Start importing Assets/Backgrounds/sotano_bg_2_255.asset using Guid(c581198f35854014b836c620863d514c) Importer(815301076,1909f56bfc062723c751e8b465ee728b) (PreviewImporter) -> (artifact id: 'bc04eb5344b849f0aaeb91eb40273b0c') in 0.0156249 seconds
Number of updated asset objects reloaded before import = 0Number of asset objects unloaded after import = 3

========================================================================
Received Import Request.
  Time since last request: 0.000041 seconds.
  path: Assets/Backgrounds/sotano_bg_2_144.asset
  artifactKey: Guid(95bec5a66596985459d82f673a42897e) Importer(815301076,1909f56bfc062723c751e8b465ee728b)
Start importing Assets/Backgrounds/sotano_bg_2_144.asset using Guid(95bec5a66596985459d82f673a42897e) Importer(815301076,1909f56bfc062723c751e8b465ee728b) (PreviewImporter) -> (artifact id: '00b8b4068fd20a6d3942760438d64680') in 0.0159647 seconds
Number of updated asset objects reloaded before import = 0Number of asset objects unloaded after import = 3

========================================================================
Received Import Request.
  Time since last request: 0.000022 seconds.
  path: Assets/Backgrounds/sotano_bg_2_243.asset
  artifactKey: Guid(0bdfb82b7faaa754bb8f6657269510a3) Importer(815301076,1909f56bfc062723c751e8b465ee728b)
Start importing Assets/Backgrounds/sotano_bg_2_243.asset using Guid(0bdfb82b7faaa754bb8f6657269510a3) Importer(815301076,1909f56bfc062723c751e8b465ee728b) (PreviewImporter) -> (artifact id: '4d7a40fdb5a6d89e869d5a57e5441c18') in 0.0150034 seconds
Number of updated asset objects reloaded before import = 0Number of asset objects unloaded after import = 3

========================================================================
Received Import Request.
  Time since last request: 0.000024 seconds.
  path: Assets/Backgrounds/sotano_bg_2_58.asset
  artifactKey: Guid(8e9d8731bc600df42b39ce5f53db04f9) Importer(815301076,1909f56bfc062723c751e8b465ee728b)
Start importing Assets/Backgrounds/sotano_bg_2_58.asset using Guid(8e9d8731bc600df42b39ce5f53db04f9) Importer(815301076,1909f56bfc062723c751e8b465ee728b) (PreviewImporter) -> (artifact id: '6628a3ba46e5c290bf9c9a8f448cca94') in 0.0150467 seconds
Number of updated asset objects reloaded before import = 0Number of asset objects unloaded after import = 3

========================================================================
Received Import Request.
  Time since last request: 0.000024 seconds.
  path: Assets/Backgrounds/sotano_bg_2_46.asset
  artifactKey: Guid(1c9e01152d538e540a15f3104fd7a95a) Importer(815301076,1909f56bfc062723c751e8b465ee728b)
Start importing Assets/Backgrounds/sotano_bg_2_46.asset using Guid(1c9e01152d538e540a15f3104fd7a95a) Importer(815301076,1909f56bfc062723c751e8b465ee728b) (PreviewImporter) -> (artifact id: '734d5d8598a3f073bc995d9799d98f23') in 0.0161024 seconds
Number of updated asset objects reloaded before import = 0Number of asset objects unloaded after import = 3

========================================================================
Received Import Request.
  Time since last request: 0.000027 seconds.
  path: Assets/Backgrounds/sotano_bg_2_238.asset
  artifactKey: Guid(d3472dabfff9caf409e10bbd1424fd94) Importer(815301076,1909f56bfc062723c751e8b465ee728b)
Start importing Assets/Backgrounds/sotano_bg_2_238.asset using Guid(d3472dabfff9caf409e10bbd1424fd94) Importer(815301076,1909f56bfc062723c751e8b465ee728b) (PreviewImporter) -> (artifact id: '85c6f1e2960cbe43fde7c61c21254c71') in 0.0156091 seconds
Number of updated asset objects reloaded before import = 0Number of asset objects unloaded after import = 3

========================================================================
Received Import Request.
  Time since last request: 0.000035 seconds.
  path: Assets/Backgrounds/sotano_bg_2_246.asset
  artifactKey: Guid(cbe566f6af8c8894e9e86b688dda9fd2) Importer(815301076,1909f56bfc062723c751e8b465ee728b)
Start importing Assets/Backgrounds/sotano_bg_2_246.asset using Guid(cbe566f6af8c8894e9e86b688dda9fd2) Importer(815301076,1909f56bfc062723c751e8b465ee728b) (PreviewImporter) -> (artifact id: 'af17e830c5c50d25d1c8ca870aa90783') in 0.0165796 seconds
Number of updated asset objects reloaded before import = 0Number of asset objects unloaded after import = 3

========================================================================
Received Import Request.
  Time since last request: 0.000027 seconds.
  path: Assets/Backgrounds/sotano_bg_2_145.asset
  artifactKey: Guid(123937ac38e4fcf418ff9ac05601c7a6) Importer(815301076,1909f56bfc062723c751e8b465ee728b)
Start importing Assets/Backgrounds/sotano_bg_2_145.asset using Guid(123937ac38e4fcf418ff9ac05601c7a6) Importer(815301076,1909f56bfc062723c751e8b465ee728b) (PreviewImporter) -> (artifact id: 'f81685ada8d645a4bd357a095eb0d801') in 0.016758 seconds
Number of updated asset objects reloaded before import = 0Number of asset objects unloaded after import = 3

========================================================================
Received Import Request.
  Time since last request: 0.000020 seconds.
  path: Assets/Backgrounds/sotano_bg_2_72.asset
  artifactKey: Guid(e326d4939cb40bb449e0944401d72deb) Importer(815301076,1909f56bfc062723c751e8b465ee728b)
Start importing Assets/Backgrounds/sotano_bg_2_72.asset using Guid(e326d4939cb40bb449e0944401d72deb) Importer(815301076,1909f56bfc062723c751e8b465ee728b) (PreviewImporter) -> (artifact id: '7bee216d21a3bfdf69c0912608571d23') in 0.0160124 seconds
Number of updated asset objects reloaded before import = 0Number of asset objects unloaded after import = 3

========================================================================
Received Import Request.
  Time since last request: 0.000018 seconds.
  path: Assets/Backgrounds/sotano_bg_2_154.asset
  artifactKey: Guid(b4f5718adbc55ab4ba3fe2d78cd70873) Importer(815301076,1909f56bfc062723c751e8b465ee728b)
Start importing Assets/Backgrounds/sotano_bg_2_154.asset using Guid(b4f5718adbc55ab4ba3fe2d78cd70873) Importer(815301076,1909f56bfc062723c751e8b465ee728b) (PreviewImporter) -> (artifact id: 'a2face28e6b9fcf6721836b1a596e624') in 0.015681 seconds
Number of updated asset objects reloaded before import = 0Number of asset objects unloaded after import = 3

========================================================================
Received Import Request.
  Time since last request: 0.000021 seconds.
  path: Assets/Backgrounds/sotano_bg_2_228.asset
  artifactKey: Guid(9d72e6305877e08478a9bbe137a81bbc) Importer(815301076,1909f56bfc062723c751e8b465ee728b)
Start importing Assets/Backgrounds/sotano_bg_2_228.asset using Guid(9d72e6305877e08478a9bbe137a81bbc) Importer(815301076,1909f56bfc062723c751e8b465ee728b) (PreviewImporter) -> (artifact id: 'bb25e20fe12ca87229b396441d76f5e6') in 0.0185372 seconds
Number of updated asset objects reloaded before import = 0Number of asset objects unloaded after import = 3

========================================================================
Received Import Request.
  Time since last request: 0.000035 seconds.
  path: Assets/Backgrounds/sotano_bg_2_160.asset
  artifactKey: Guid(9708a4ed87f6f5a4d946f7ac50fac8cc) Importer(815301076,1909f56bfc062723c751e8b465ee728b)
Start importing Assets/Backgrounds/sotano_bg_2_160.asset using Guid(9708a4ed87f6f5a4d946f7ac50fac8cc) Importer(815301076,1909f56bfc062723c751e8b465ee728b) (PreviewImporter) -> (artifact id: '1a298012087544fe03002ceb4802cd54') in 0.0172729 seconds
Number of updated asset objects reloaded before import = 0Number of asset objects unloaded after import = 3

========================================================================
Received Import Request.
  Time since last request: 0.000018 seconds.
  path: Assets/Backgrounds/sotano_bg_2_49.asset
  artifactKey: Guid(675cf132b36b3884cacd6b4596d8df17) Importer(815301076,1909f56bfc062723c751e8b465ee728b)
Start importing Assets/Backgrounds/sotano_bg_2_49.asset using Guid(675cf132b36b3884cacd6b4596d8df17) Importer(815301076,1909f56bfc062723c751e8b465ee728b) (PreviewImporter) -> (artifact id: '0cd8a50b684592ee9e5839a1051809b7') in 0.0164953 seconds
Number of updated asset objects reloaded before import = 0Number of asset objects unloaded after import = 3

========================================================================
Received Import Request.
  Time since last request: 0.000016 seconds.
  path: Assets/Backgrounds/sotano_bg_2_179.asset
  artifactKey: Guid(2511b7907e43ef84f8529d2cd333d404) Importer(815301076,1909f56bfc062723c751e8b465ee728b)
Start importing Assets/Backgrounds/sotano_bg_2_179.asset using Guid(2511b7907e43ef84f8529d2cd333d404) Importer(815301076,1909f56bfc062723c751e8b465ee728b) (PreviewImporter) -> (artifact id: '745fea2fd7f9b094db99f10b0d9bee35') in 0.0162352 seconds
Number of updated asset objects reloaded before import = 0Number of asset objects unloaded after import = 3

========================================================================
Received Import Request.
  Time since last request: 0.000016 seconds.
  path: Assets/Backgrounds/sotano_bg_2_126.asset
  artifactKey: Guid(5175dbaa555d49f4e8d3aa1946c04cca) Importer(815301076,1909f56bfc062723c751e8b465ee728b)
Start importing Assets/Backgrounds/sotano_bg_2_126.asset using Guid(5175dbaa555d49f4e8d3aa1946c04cca) Importer(815301076,1909f56bfc062723c751e8b465ee728b) (PreviewImporter) -> (artifact id: 'eec9d9f3a7cd581b381102896b415722') in 0.0159496 seconds
Number of updated asset objects reloaded before import = 0Number of asset objects unloaded after import = 3

========================================================================
Received Import Request.
  Time since last request: 0.000021 seconds.
  path: Assets/Backgrounds/sotano_bg_2_36.asset
  artifactKey: Guid(3a2dc00774052614188c8797d15cf934) Importer(815301076,1909f56bfc062723c751e8b465ee728b)
Start importing Assets/Backgrounds/sotano_bg_2_36.asset using Guid(3a2dc00774052614188c8797d15cf934) Importer(815301076,1909f56bfc062723c751e8b465ee728b) (PreviewImporter) -> (artifact id: 'f981a81297451278483c50457868070c') in 0.0174767 seconds
Number of updated asset objects reloaded before import = 0Number of asset objects unloaded after import = 3

========================================================================
Received Import Request.
  Time since last request: 0.000028 seconds.
  path: Assets/Backgrounds/sotano_bg_2_164.asset
  artifactKey: Guid(5e4e9a339a015ad45b0489f108b03883) Importer(815301076,1909f56bfc062723c751e8b465ee728b)
Start importing Assets/Backgrounds/sotano_bg_2_164.asset using Guid(5e4e9a339a015ad45b0489f108b03883) Importer(815301076,1909f56bfc062723c751e8b465ee728b) (PreviewImporter) -> (artifact id: '97cd2f987dd74b4b4f4de648c8dcdda3') in 0.01588 seconds
Number of updated asset objects reloaded before import = 0Number of asset objects unloaded after import = 3

========================================================================
Received Import Request.
  Time since last request: 0.000021 seconds.
  path: Assets/Backgrounds/sotano_bg_2_182.asset
  artifactKey: Guid(ad293b1b9b2fdf6468013df367f09188) Importer(815301076,1909f56bfc062723c751e8b465ee728b)
Start importing Assets/Backgrounds/sotano_bg_2_182.asset using Guid(ad293b1b9b2fdf6468013df367f09188) Importer(815301076,1909f56bfc062723c751e8b465ee728b) (PreviewImporter) -> (artifact id: 'f8970eaac2b0e2538e918d52bf78989c') in 0.0178301 seconds
Number of updated asset objects reloaded before import = 0Number of asset objects unloaded after import = 3

========================================================================
Received Import Request.
  Time since last request: 0.000016 seconds.
  path: Assets/Backgrounds/sotano_bg_2_152.asset
  artifactKey: Guid(778694edacb983b478639c2bb3e57d8c) Importer(815301076,1909f56bfc062723c751e8b465ee728b)
Start importing Assets/Backgrounds/sotano_bg_2_152.asset using Guid(778694edacb983b478639c2bb3e57d8c) Importer(815301076,1909f56bfc062723c751e8b465ee728b) (PreviewImporter) -> (artifact id: '33407647cf374b4ba67a46bfa7ab56a9') in 0.0159231 seconds
Number of updated asset objects reloaded before import = 0Number of asset objects unloaded after import = 3

========================================================================
Received Import Request.
  Time since last request: 0.000020 seconds.
  path: Assets/Backgrounds/sotano_bg_2_227.asset
  artifactKey: Guid(71988160143c1d7439058f0ac2bd3aa0) Importer(815301076,1909f56bfc062723c751e8b465ee728b)
Start importing Assets/Backgrounds/sotano_bg_2_227.asset using Guid(71988160143c1d7439058f0ac2bd3aa0) Importer(815301076,1909f56bfc062723c751e8b465ee728b) (PreviewImporter) -> (artifact id: '33111af9274125c51b72eb67152f0e2e') in 0.017196 seconds
Number of updated asset objects reloaded before import = 0Number of asset objects unloaded after import = 3

========================================================================
Received Import Request.
  Time since last request: 0.000023 seconds.
  path: Assets/Backgrounds/sotano_bg_2_129.asset
  artifactKey: Guid(5679441032aeff8448d2e5e2a712fdf7) Importer(815301076,1909f56bfc062723c751e8b465ee728b)
Start importing Assets/Backgrounds/sotano_bg_2_129.asset using Guid(5679441032aeff8448d2e5e2a712fdf7) Importer(815301076,1909f56bfc062723c751e8b465ee728b) (PreviewImporter) -> (artifact id: 'ce3401b6601b0ee76b6efdad18263a28') in 0.0186237 seconds
Number of updated asset objects reloaded before import = 0Number of asset objects unloaded after import = 3

========================================================================
Received Import Request.
  Time since last request: 0.000031 seconds.
  path: Assets/Backgrounds/sotano_bg_2_186.asset
  artifactKey: Guid(c7441501a71806c469b6cfee836cd794) Importer(815301076,1909f56bfc062723c751e8b465ee728b)
Start importing Assets/Backgrounds/sotano_bg_2_186.asset using Guid(c7441501a71806c469b6cfee836cd794) Importer(815301076,1909f56bfc062723c751e8b465ee728b) (PreviewImporter) -> (artifact id: '34f9aa9e6167ee05b32067c3da59bec6') in 0.0202168 seconds
Number of updated asset objects reloaded before import = 0Number of asset objects unloaded after import = 3

========================================================================
Received Import Request.
  Time since last request: 0.000018 seconds.
  path: Assets/Backgrounds/sotano_bg_2_159.asset
  artifactKey: Guid(0ab0b4d8d036219439af9482422e7daf) Importer(815301076,1909f56bfc062723c751e8b465ee728b)
Start importing Assets/Backgrounds/sotano_bg_2_159.asset using Guid(0ab0b4d8d036219439af9482422e7daf) Importer(815301076,1909f56bfc062723c751e8b465ee728b) (PreviewImporter) -> (artifact id: 'f47e0690be8aa288243363631987dba8') in 0.0180031 seconds
Number of updated asset objects reloaded before import = 0Number of asset objects unloaded after import = 3

========================================================================
Received Import Request.
  Time since last request: 0.000021 seconds.
  path: Assets/Backgrounds/sotano_bg_2_134.asset
  artifactKey: Guid(d7cabec9e80bdea4c99b2c52ff615f96) Importer(815301076,1909f56bfc062723c751e8b465ee728b)
Start importing Assets/Backgrounds/sotano_bg_2_134.asset using Guid(d7cabec9e80bdea4c99b2c52ff615f96) Importer(815301076,1909f56bfc062723c751e8b465ee728b) (PreviewImporter) -> (artifact id: '0822fad89c705fff327cb653f24e8804') in 0.0183163 seconds
Number of updated asset objects reloaded before import = 0Number of asset objects unloaded after import = 3

========================================================================
Received Import Request.
  Time since last request: 0.000021 seconds.
  path: Assets/Backgrounds/sotano_bg_2_223.asset
  artifactKey: Guid(24834f7024dc5144287d70ddeaa8a149) Importer(815301076,1909f56bfc062723c751e8b465ee728b)
Start importing Assets/Backgrounds/sotano_bg_2_223.asset using Guid(24834f7024dc5144287d70ddeaa8a149) Importer(815301076,1909f56bfc062723c751e8b465ee728b) (PreviewImporter) -> (artifact id: '19d16d03178619a3a362249f75b8a7bd') in 0.015163 seconds
Number of updated asset objects reloaded before import = 0Number of asset objects unloaded after import = 3

========================================================================
Received Import Request.
  Time since last request: 0.000023 seconds.
  path: Assets/Backgrounds/sotano_bg_2_172.asset
  artifactKey: Guid(6df74fff6f5a8a843b3ef74f3ee0fe99) Importer(815301076,1909f56bfc062723c751e8b465ee728b)
Start importing Assets/Backgrounds/sotano_bg_2_172.asset using Guid(6df74fff6f5a8a843b3ef74f3ee0fe99) Importer(815301076,1909f56bfc062723c751e8b465ee728b) (PreviewImporter) -> (artifact id: '253f0cff6b254b1ebaa7a129be08765b') in 0.017396 seconds
Number of updated asset objects reloaded before import = 0Number of asset objects unloaded after import = 3

========================================================================
Received Import Request.
  Time since last request: 0.000034 seconds.
  path: Assets/Backgrounds/sotano_bg_2_150.asset
  artifactKey: Guid(5abc652e69f16fd449c26b4b65a0c536) Importer(815301076,1909f56bfc062723c751e8b465ee728b)
Start importing Assets/Backgrounds/sotano_bg_2_150.asset using Guid(5abc652e69f16fd449c26b4b65a0c536) Importer(815301076,1909f56bfc062723c751e8b465ee728b) (PreviewImporter) -> (artifact id: 'b251512b942031eb582f79f264534d4c') in 0.0153063 seconds
Number of updated asset objects reloaded before import = 0Number of asset objects unloaded after import = 3

========================================================================
Received Import Request.
  Time since last request: 0.000020 seconds.
  path: Assets/Backgrounds/sotano_bg_2_168.asset
  artifactKey: Guid(fe5e63073635cf548af1ca5a7f556cdb) Importer(815301076,1909f56bfc062723c751e8b465ee728b)
Start importing Assets/Backgrounds/sotano_bg_2_168.asset using Guid(fe5e63073635cf548af1ca5a7f556cdb) Importer(815301076,1909f56bfc062723c751e8b465ee728b) (PreviewImporter) -> (artifact id: '1f855d9e2624b7be6967874b86fe776b') in 0.0151293 seconds
Number of updated asset objects reloaded before import = 0Number of asset objects unloaded after import = 3

========================================================================
Received Import Request.
  Time since last request: 0.000023 seconds.
  path: Assets/Backgrounds/sotano_bg_2_235.asset
  artifactKey: Guid(7a884cc31d6206f41b5c25b7ae2624a6) Importer(815301076,1909f56bfc062723c751e8b465ee728b)
Start importing Assets/Backgrounds/sotano_bg_2_235.asset using Guid(7a884cc31d6206f41b5c25b7ae2624a6) Importer(815301076,1909f56bfc062723c751e8b465ee728b) (PreviewImporter) -> (artifact id: '5942726d3cd07901510113a914ad9627') in 0.0173054 seconds
Number of updated asset objects reloaded before import = 0Number of asset objects unloaded after import = 3

========================================================================
Received Import Request.
  Time since last request: 0.000020 seconds.
  path: Assets/Backgrounds/sotano_bg_2_140.asset
  artifactKey: Guid(9028c15d5751691479b71e16a923634d) Importer(815301076,1909f56bfc062723c751e8b465ee728b)
Start importing Assets/Backgrounds/sotano_bg_2_140.asset using Guid(9028c15d5751691479b71e16a923634d) Importer(815301076,1909f56bfc062723c751e8b465ee728b) (PreviewImporter) -> (artifact id: 'f354ccb357064079a1e6d738cd2de317') in 0.0187647 seconds
Number of updated asset objects reloaded before import = 0Number of asset objects unloaded after import = 3

========================================================================
Received Import Request.
  Time since last request: 0.000022 seconds.
  path: Assets/Backgrounds/sotano_bg_2_93.asset
  artifactKey: Guid(b8dcc0156f43fb64198b2ef848b91c9c) Importer(815301076,1909f56bfc062723c751e8b465ee728b)
Start importing Assets/Backgrounds/sotano_bg_2_93.asset using Guid(b8dcc0156f43fb64198b2ef848b91c9c) Importer(815301076,1909f56bfc062723c751e8b465ee728b) (PreviewImporter) -> (artifact id: 'b32e2eca3eca69d996d324e09cd04b92') in 0.0179311 seconds
Number of updated asset objects reloaded before import = 0Number of asset objects unloaded after import = 3

========================================================================
Received Import Request.
  Time since last request: 0.000035 seconds.
  path: Assets/Backgrounds/sotano_bg_2_170.asset
  artifactKey: Guid(f095de039410d554cb3de082f5975204) Importer(815301076,1909f56bfc062723c751e8b465ee728b)
Start importing Assets/Backgrounds/sotano_bg_2_170.asset using Guid(f095de039410d554cb3de082f5975204) Importer(815301076,1909f56bfc062723c751e8b465ee728b) (PreviewImporter) -> (artifact id: 'b74a728b16623ff1257aad4de6139b8c') in 0.0166638 seconds
Number of updated asset objects reloaded before import = 0Number of asset objects unloaded after import = 3

========================================================================
Received Import Request.
  Time since last request: 0.000021 seconds.
  path: Assets/Backgrounds/sotano_bg_2_61.asset
  artifactKey: Guid(f0846d194cc8ac54fbaf2b864adaf676) Importer(815301076,1909f56bfc062723c751e8b465ee728b)
Start importing Assets/Backgrounds/sotano_bg_2_61.asset using Guid(f0846d194cc8ac54fbaf2b864adaf676) Importer(815301076,1909f56bfc062723c751e8b465ee728b) (PreviewImporter) -> (artifact id: '8d6cc5bfc12f3eacbc48b0255c04c113') in 0.0160123 seconds
Number of updated asset objects reloaded before import = 0Number of asset objects unloaded after import = 3

========================================================================
Received Import Request.
  Time since last request: 0.000021 seconds.
  path: Assets/Backgrounds/sotano_bg_2_163.asset
  artifactKey: Guid(7bbaf72b0d850d24782e95fdf9be5b52) Importer(815301076,1909f56bfc062723c751e8b465ee728b)
Start importing Assets/Backgrounds/sotano_bg_2_163.asset using Guid(7bbaf72b0d850d24782e95fdf9be5b52) Importer(815301076,1909f56bfc062723c751e8b465ee728b) (PreviewImporter) -> (artifact id: '215bfe87fde8cb3ba399b272842f885d') in 0.0167533 seconds
Number of updated asset objects reloaded before import = 0Number of asset objects unloaded after import = 3

========================================================================
Received Import Request.
  Time since last request: 0.000016 seconds.
  path: Assets/Backgrounds/sotano_bg_2_148.asset
  artifactKey: Guid(e45f773459a9976498f3912dd201acc6) Importer(815301076,1909f56bfc062723c751e8b465ee728b)
Start importing Assets/Backgrounds/sotano_bg_2_148.asset using Guid(e45f773459a9976498f3912dd201acc6) Importer(815301076,1909f56bfc062723c751e8b465ee728b) (PreviewImporter) -> (artifact id: '2089a7d7947391f126c976956c5c02cd') in 0.0184018 seconds
Number of updated asset objects reloaded before import = 0Number of asset objects unloaded after import = 3

========================================================================
Received Import Request.
  Time since last request: 0.000032 seconds.
  path: Assets/Backgrounds/sotano_bg_2_63.asset
  artifactKey: Guid(52154547d8e7a7148b42a48a3c95f4e8) Importer(815301076,1909f56bfc062723c751e8b465ee728b)
Start importing Assets/Backgrounds/sotano_bg_2_63.asset using Guid(52154547d8e7a7148b42a48a3c95f4e8) Importer(815301076,1909f56bfc062723c751e8b465ee728b) (PreviewImporter) -> (artifact id: '65a6bb2d919c8d05f25581cbd97bc923') in 0.0157245 seconds
Number of updated asset objects reloaded before import = 0Number of asset objects unloaded after import = 3

========================================================================
Received Import Request.
  Time since last request: 0.000034 seconds.
  path: Assets/Backgrounds/sotano_bg_2_218.asset
  artifactKey: Guid(e28d4d053f840c64aada8d8183731545) Importer(815301076,1909f56bfc062723c751e8b465ee728b)
Start importing Assets/Backgrounds/sotano_bg_2_218.asset using Guid(e28d4d053f840c64aada8d8183731545) Importer(815301076,1909f56bfc062723c751e8b465ee728b) (PreviewImporter) -> (artifact id: 'ca6abb22ce69bf8d1155b72566c509ab') in 0.0159403 seconds
Number of updated asset objects reloaded before import = 0Number of asset objects unloaded after import = 3

========================================================================
Received Import Request.
  Time since last request: 0.000020 seconds.
  path: Assets/Backgrounds/sotano_bg_2_250.asset
  artifactKey: Guid(795b2816e7436ec4bbc5aec47e0ab3ae) Importer(815301076,1909f56bfc062723c751e8b465ee728b)
Start importing Assets/Backgrounds/sotano_bg_2_250.asset using Guid(795b2816e7436ec4bbc5aec47e0ab3ae) Importer(815301076,1909f56bfc062723c751e8b465ee728b) (PreviewImporter) -> (artifact id: 'a47809bd44f9383a7118cba3040cab5f') in 0.0182219 seconds
Number of updated asset objects reloaded before import = 0Number of asset objects unloaded after import = 3

========================================================================
Received Import Request.
  Time since last request: 0.000020 seconds.
  path: Assets/Backgrounds/sotano_bg_2_209.asset
  artifactKey: Guid(57822a4ecca6c1a46a0983a0a91f928b) Importer(815301076,1909f56bfc062723c751e8b465ee728b)
Start importing Assets/Backgrounds/sotano_bg_2_209.asset using Guid(57822a4ecca6c1a46a0983a0a91f928b) Importer(815301076,1909f56bfc062723c751e8b465ee728b) (PreviewImporter) -> (artifact id: 'e0fed53428e2ae7f03563b7e2db5068d') in 0.0148638 seconds
Number of updated asset objects reloaded before import = 0Number of asset objects unloaded after import = 3

========================================================================
Received Import Request.
  Time since last request: 0.000021 seconds.
  path: Assets/Backgrounds/sotano_bg_2_119.asset
  artifactKey: Guid(fcc112cded5d79f4bb605e7cb4a9c546) Importer(815301076,1909f56bfc062723c751e8b465ee728b)
Start importing Assets/Backgrounds/sotano_bg_2_119.asset using Guid(fcc112cded5d79f4bb605e7cb4a9c546) Importer(815301076,1909f56bfc062723c751e8b465ee728b) (PreviewImporter) -> (artifact id: 'ac5ed8b40a185d20cfbea0966c41d125') in 0.0169578 seconds
Number of updated asset objects reloaded before import = 0Number of asset objects unloaded after import = 3

========================================================================
Received Import Request.
  Time since last request: 0.000023 seconds.
  path: Assets/Backgrounds/sotano_bg_2_249.asset
  artifactKey: Guid(8fe7883f0964cf44e9334ea7b170e84d) Importer(815301076,1909f56bfc062723c751e8b465ee728b)
Start importing Assets/Backgrounds/sotano_bg_2_249.asset using Guid(8fe7883f0964cf44e9334ea7b170e84d) Importer(815301076,1909f56bfc062723c751e8b465ee728b) (PreviewImporter) -> (artifact id: '704eadd972c066df1ca3e5f80676f79d') in 0.0160708 seconds
Number of updated asset objects reloaded before import = 0Number of asset objects unloaded after import = 3

========================================================================
Received Import Request.
  Time since last request: 7.820519 seconds.
  path: Assets/Backgrounds/sotano_bg_2_0.asset
  artifactKey: Guid(8ea8af70d7a5c1143843e75dede2a98f) Importer(815301076,1909f56bfc062723c751e8b465ee728b)
Start importing Assets/Backgrounds/sotano_bg_2_0.asset using Guid(8ea8af70d7a5c1143843e75dede2a98f) Importer(815301076,1909f56bfc062723c751e8b465ee728b) (PreviewImporter) -> (artifact id: '9a678c9a37bdb05ad67efddbf88194b1') in 0.0082039 seconds
Number of updated asset objects reloaded before import = 0Number of asset objects unloaded after import = 3

========================================================================
Received Import Request.
  Time since last request: 0.000026 seconds.
  path: Assets/Backgrounds/sotano_bg_2_9.asset
  artifactKey: Guid(2dfcb227b881ad3428cba85b52061f1d) Importer(815301076,1909f56bfc062723c751e8b465ee728b)
Start importing Assets/Backgrounds/sotano_bg_2_9.asset using Guid(2dfcb227b881ad3428cba85b52061f1d) Importer(815301076,1909f56bfc062723c751e8b465ee728b) (PreviewImporter) -> (artifact id: '63b35fd439b3fc8d03b5f205365d9fe8') in 0.0094894 seconds
Number of updated asset objects reloaded before import = 0Number of asset objects unloaded after import = 3

========================================================================
Received Import Request.
  Time since last request: 0.000037 seconds.
  path: Assets/Backgrounds/sotano_bg_2_40.asset
  artifactKey: Guid(53e3ecca6df6136478f83c4719eb7e6b) Importer(815301076,1909f56bfc062723c751e8b465ee728b)
Start importing Assets/Backgrounds/sotano_bg_2_40.asset using Guid(53e3ecca6df6136478f83c4719eb7e6b) Importer(815301076,1909f56bfc062723c751e8b465ee728b) (PreviewImporter) -> (artifact id: '1710f5393b4bb2aa2a9a786e7409eac4') in 0.0087666 seconds
Number of updated asset objects reloaded before import = 0Number of asset objects unloaded after import = 3

========================================================================
Received Import Request.
  Time since last request: 0.000019 seconds.
  path: Assets/Backgrounds/sotano_bg_2_55.asset
  artifactKey: Guid(5335f662f49d8414bb0de48e9f35a2aa) Importer(815301076,1909f56bfc062723c751e8b465ee728b)
Start importing Assets/Backgrounds/sotano_bg_2_55.asset using Guid(5335f662f49d8414bb0de48e9f35a2aa) Importer(815301076,1909f56bfc062723c751e8b465ee728b) (PreviewImporter) -> (artifact id: 'de3563b3770a225c53b9899d1a92dae7') in 0.0077462 seconds
Number of updated asset objects reloaded before import = 0Number of asset objects unloaded after import = 3

========================================================================
Received Import Request.
  Time since last request: 0.000019 seconds.
  path: Assets/Backgrounds/sotano_bg_2_25.asset
  artifactKey: Guid(6308ee844abda064ba588ec2490c2328) Importer(815301076,1909f56bfc062723c751e8b465ee728b)
Start importing Assets/Backgrounds/sotano_bg_2_25.asset using Guid(6308ee844abda064ba588ec2490c2328) Importer(815301076,1909f56bfc062723c751e8b465ee728b) (PreviewImporter) -> (artifact id: '301b9aff7a036a39f1736fd78d66f80c') in 0.0084221 seconds
Number of updated asset objects reloaded before import = 0Number of asset objects unloaded after import = 3

========================================================================
Received Import Request.
  Time since last request: 0.000022 seconds.
  path: Assets/Backgrounds/sotano_bg_2_46.asset
  artifactKey: Guid(1c9e01152d538e540a15f3104fd7a95a) Importer(815301076,1909f56bfc062723c751e8b465ee728b)
Start importing Assets/Backgrounds/sotano_bg_2_46.asset using Guid(1c9e01152d538e540a15f3104fd7a95a) Importer(815301076,1909f56bfc062723c751e8b465ee728b) (PreviewImporter) -> (artifact id: 'bfd8956696e60e3986be4a5041f5a028') in 0.0090515 seconds
Number of updated asset objects reloaded before import = 0Number of asset objects unloaded after import = 3

========================================================================
Received Import Request.
  Time since last request: 0.000026 seconds.
  path: Assets/Backgrounds/sotano_bg_2_3.asset
  artifactKey: Guid(2ff3cf9cfdff9d647ab9b33a16e9a060) Importer(815301076,1909f56bfc062723c751e8b465ee728b)
Start importing Assets/Backgrounds/sotano_bg_2_3.asset using Guid(2ff3cf9cfdff9d647ab9b33a16e9a060) Importer(815301076,1909f56bfc062723c751e8b465ee728b) (PreviewImporter) -> (artifact id: '13f217e6786f03afb678864c1f0a8b45') in 0.0082037 seconds
Number of updated asset objects reloaded before import = 0Number of asset objects unloaded after import = 3

========================================================================
Received Import Request.
  Time since last request: 0.000038 seconds.
  path: Assets/Backgrounds/sotano_bg_2_54.asset
  artifactKey: Guid(d2ef2b1e5403aad4bad8bdac194844ba) Importer(815301076,1909f56bfc062723c751e8b465ee728b)
Start importing Assets/Backgrounds/sotano_bg_2_54.asset using Guid(d2ef2b1e5403aad4bad8bdac194844ba) Importer(815301076,1909f56bfc062723c751e8b465ee728b) (PreviewImporter) -> (artifact id: 'cc621bc2b1ed57c50b302390286b0a3b') in 0.008323 seconds
Number of updated asset objects reloaded before import = 0Number of asset objects unloaded after import = 3

========================================================================
Received Import Request.
  Time since last request: 0.000029 seconds.
  path: Assets/Backgrounds/sotano_bg_2_13.asset
  artifactKey: Guid(bd7d5de73b6a5f94cba2991c8ea48a8a) Importer(815301076,1909f56bfc062723c751e8b465ee728b)
Start importing Assets/Backgrounds/sotano_bg_2_13.asset using Guid(bd7d5de73b6a5f94cba2991c8ea48a8a) Importer(815301076,1909f56bfc062723c751e8b465ee728b) (PreviewImporter) -> (artifact id: '89250988b55e3c47df5fc2572ad2a0bb') in 0.009198 seconds
Number of updated asset objects reloaded before import = 0Number of asset objects unloaded after import = 3

========================================================================
Received Import Request.
  Time since last request: 0.000022 seconds.
  path: Assets/Backgrounds/sotano_bg_2_37.asset
  artifactKey: Guid(c965005b7918016418fdde48eaa5ef8a) Importer(815301076,1909f56bfc062723c751e8b465ee728b)
Start importing Assets/Backgrounds/sotano_bg_2_37.asset using Guid(c965005b7918016418fdde48eaa5ef8a) Importer(815301076,1909f56bfc062723c751e8b465ee728b) (PreviewImporter) -> (artifact id: '28208a789796d86571afc3a1c9c52f6c') in 0.0176878 seconds
Number of updated asset objects reloaded before import = 0Number of asset objects unloaded after import = 3

========================================================================
Received Import Request.
  Time since last request: 0.000024 seconds.
  path: Assets/Backgrounds/sotano_bg_2_52.asset
  artifactKey: Guid(84cd5807aba51a248a3adbf0ad7cea97) Importer(815301076,1909f56bfc062723c751e8b465ee728b)
Start importing Assets/Backgrounds/sotano_bg_2_52.asset using Guid(84cd5807aba51a248a3adbf0ad7cea97) Importer(815301076,1909f56bfc062723c751e8b465ee728b) (PreviewImporter) -> (artifact id: 'f1bc61b1c0fe66961d93911983f7750d') in 0.0071838 seconds
Number of updated asset objects reloaded before import = 0Number of asset objects unloaded after import = 3

========================================================================
Received Import Request.
  Time since last request: 0.000022 seconds.
  path: Assets/Backgrounds/sotano_bg_2_33.asset
  artifactKey: Guid(f72eb0400d315a24faa77788827e87be) Importer(815301076,1909f56bfc062723c751e8b465ee728b)
Start importing Assets/Backgrounds/sotano_bg_2_33.asset using Guid(f72eb0400d315a24faa77788827e87be) Importer(815301076,1909f56bfc062723c751e8b465ee728b) (PreviewImporter) -> (artifact id: 'a7c71ba6834abb61ecc958d3a16c0620') in 0.0075221 seconds
Number of updated asset objects reloaded before import = 0Number of asset objects unloaded after import = 3

========================================================================
Received Import Request.
  Time since last request: 0.000030 seconds.
  path: Assets/Backgrounds/sotano_bg_2_11.asset
  artifactKey: Guid(ae2f675d8820ef040b3ed360448f22a1) Importer(815301076,1909f56bfc062723c751e8b465ee728b)
Start importing Assets/Backgrounds/sotano_bg_2_11.asset using Guid(ae2f675d8820ef040b3ed360448f22a1) Importer(815301076,1909f56bfc062723c751e8b465ee728b) (PreviewImporter) -> (artifact id: '91b82bfdedd676e3f8a4d8ad13124869') in 0.0074086 seconds
Number of updated asset objects reloaded before import = 0Number of asset objects unloaded after import = 3

========================================================================
Received Import Request.
  Time since last request: 0.000020 seconds.
  path: Assets/Backgrounds/sotano_bg_2_5.asset
  artifactKey: Guid(46f347e793ab9074898ea7dcec1eae90) Importer(815301076,1909f56bfc062723c751e8b465ee728b)
Start importing Assets/Backgrounds/sotano_bg_2_5.asset using Guid(46f347e793ab9074898ea7dcec1eae90) Importer(815301076,1909f56bfc062723c751e8b465ee728b) (PreviewImporter) -> (artifact id: '30a1a601f627ceb9e296950353d32df7') in 0.0078634 seconds
Number of updated asset objects reloaded before import = 0Number of asset objects unloaded after import = 3

========================================================================
Received Import Request.
  Time since last request: 0.000021 seconds.
  path: Assets/Backgrounds/sotano_bg_2_23.asset
  artifactKey: Guid(c07fa109f9180d64aba5692ee287df95) Importer(815301076,1909f56bfc062723c751e8b465ee728b)
Start importing Assets/Backgrounds/sotano_bg_2_23.asset using Guid(c07fa109f9180d64aba5692ee287df95) Importer(815301076,1909f56bfc062723c751e8b465ee728b) (PreviewImporter) -> (artifact id: '38371caad54d56ce676173fe44b4dcc5') in 0.0085491 seconds
Number of updated asset objects reloaded before import = 0Number of asset objects unloaded after import = 3

========================================================================
Received Import Request.
  Time since last request: 0.000018 seconds.
  path: Assets/Backgrounds/sotano_bg_2_28.asset
  artifactKey: Guid(8612d1b34b1024e4fa028e9a25725f4b) Importer(815301076,1909f56bfc062723c751e8b465ee728b)
Start importing Assets/Backgrounds/sotano_bg_2_28.asset using Guid(8612d1b34b1024e4fa028e9a25725f4b) Importer(815301076,1909f56bfc062723c751e8b465ee728b) (PreviewImporter) -> (artifact id: '356d139a98ccef174ae9b1b0d88f4fa5') in 0.0079343 seconds
Number of updated asset objects reloaded before import = 0Number of asset objects unloaded after import = 3

========================================================================
Received Import Request.
  Time since last request: 0.000024 seconds.
  path: Assets/Backgrounds/sotano_bg_2_4.asset
  artifactKey: Guid(b92ce03f9384a664eac1ca7cf42d17af) Importer(815301076,1909f56bfc062723c751e8b465ee728b)
Start importing Assets/Backgrounds/sotano_bg_2_4.asset using Guid(b92ce03f9384a664eac1ca7cf42d17af) Importer(815301076,1909f56bfc062723c751e8b465ee728b) (PreviewImporter) -> (artifact id: '96b2f10c2a8fb0adebde6434be2b5f66') in 0.0083097 seconds
Number of updated asset objects reloaded before import = 0Number of asset objects unloaded after import = 3

Editor requested this worker to shutdown with reason: Scaling down because of idle timeout
AssetImportWorker is now disconnected from the server
Process exiting
Exiting without the bug reporter. Application will terminate with return code 0