Using pre-set license
Built from '6000.0/release' branch; Version is '6000.0.44f1 (101c91f3a8fb) revision 1055889'; Using compiler version '193933523'; Build Type 'Release'
OS: 'Windows 11  (10.0.26100) 64bit CoreSingleLanguage' Language: 'es' Physical Memory: 23882 MB
BatchMode: 1, IsHumanControllingUs: 0, StartBugReporterOnCrash: 0, Is64bit: 1, IsPro: 1

COMMAND LINE ARGUMENTS:
C:\Program Files\Unity\Hub\Editor\6000.0.44f1\Editor\Unity.exe
-adb2
-batchMode
-noUpm
-name
AssetImportWorker2
-projectPath
C:/Users/eepfi/Downloads/Laprometidaeterna-main/Laprometidaeterna
-logFile
Logs/AssetImportWorker2.log
-srvPort
55971
-job-worker-count
5
-background-job-worker-count
8
-gc-helper-count
1
Successfully changed project path to: C:/Users/eepfi/Downloads/Laprometidaeterna-main/Laprometidaeterna
C:/Users/eepfi/Downloads/Laprometidaeterna-main/Laprometidaeterna
[UnityMemory] Configuration Parameters - Can be set up in boot.config
    "memorysetup-bucket-allocator-granularity=16"
    "memorysetup-bucket-allocator-bucket-count=8"
    "memorysetup-bucket-allocator-block-size=33554432"
    "memorysetup-bucket-allocator-block-count=8"
    "memorysetup-main-allocator-block-size=16777216"
    "memorysetup-thread-allocator-block-size=16777216"
    "memorysetup-gfx-main-allocator-block-size=16777216"
    "memorysetup-gfx-thread-allocator-block-size=16777216"
    "memorysetup-cache-allocator-block-size=4194304"
    "memorysetup-typetree-allocator-block-size=2097152"
    "memorysetup-profiler-bucket-allocator-granularity=16"
    "memorysetup-profiler-bucket-allocator-bucket-count=8"
    "memorysetup-profiler-bucket-allocator-block-size=33554432"
    "memorysetup-profiler-bucket-allocator-block-count=8"
    "memorysetup-profiler-allocator-block-size=16777216"
    "memorysetup-profiler-editor-allocator-block-size=1048576"
    "memorysetup-temp-allocator-size-main=16777216"
    "memorysetup-job-temp-allocator-block-size=2097152"
    "memorysetup-job-temp-allocator-block-size-background=1048576"
    "memorysetup-job-temp-allocator-reduction-small-platforms=262144"
    "memorysetup-allocator-temp-initial-block-size-main=262144"
    "memorysetup-allocator-temp-initial-block-size-worker=262144"
    "memorysetup-temp-allocator-size-background-worker=32768"
    "memorysetup-temp-allocator-size-job-worker=262144"
    "memorysetup-temp-allocator-size-preload-manager=33554432"
    "memorysetup-temp-allocator-size-nav-mesh-worker=65536"
    "memorysetup-temp-allocator-size-audio-worker=65536"
    "memorysetup-temp-allocator-size-cloud-worker=32768"
    "memorysetup-temp-allocator-size-gi-baking-worker=262144"
    "memorysetup-temp-allocator-size-gi-baking-worker=262144"
    "memorysetup-temp-allocator-size-gi-baking-worker=262144"
    "memorysetup-temp-allocator-size-gi-baking-worker=262144"
    "memorysetup-temp-allocator-size-gi-baking-worker=262144"
    "memorysetup-temp-allocator-size-gfx=262144"
Player connection [48688]  Target information:

Player connection [48688]  * "[IP] 10.33.24.212 [Port] 0 [Flags] 2 [Guid] 907626969 [EditorId] 907626969 [Version] 1048832 [Id] WindowsEditor(7,Arturo) [Debug] 1 [PackageName] WindowsEditor [ProjectName] Editor" 

Player connection [48688] Host joined multi-casting on [225.0.0.222:54997]...
Player connection [48688] Host joined alternative multi-casting on [225.0.0.222:34997]...
JobSystem: Creating JobQueue using job-worker-count value 5
Input System module state changed to: Initialized.
[Physics::Module] Initialized fallback backend.
[Physics::Module] Id: 0xdecafbad
Library Redirect Path: Library/
[Physics::Module] Selected backend.
[Physics::Module] Name: PhysX
[Physics::Module] Id: 0xf2b8ea05
[Physics::Module] SDK Version: 4.1.2
[Physics::Module] Integration Version: 1.0.0
[Physics::Module] Threading Mode: Multi-Threaded
Refreshing native plugins compatible for Editor in 325.88 ms, found 4 plugins.
Preloading 0 native plugins for Editor in 0.00 ms.
Initialize engine version: 6000.0.44f1 (101c91f3a8fb)
[Subsystems] Discovering subsystems at path C:/Program Files/Unity/Hub/Editor/6000.0.44f1/Editor/Data/Resources/UnitySubsystems
[Subsystems] Discovering subsystems at path C:/Users/eepfi/Downloads/Laprometidaeterna-main/Laprometidaeterna/Assets
GfxDevice: creating device client; kGfxThreadingModeNonThreaded
Direct3D:
    Version:  Direct3D 11.0 [level 11.1]
    Renderer: NVIDIA GeForce RTX 2050 (ID=0x25ad)
    Vendor:   NVIDIA
    VRAM:     3964 MB
    Driver:   32.0.15.6607
Initialize mono
Mono path[0] = 'C:/Program Files/Unity/Hub/Editor/6000.0.44f1/Editor/Data/Managed'
Mono path[1] = 'C:/Program Files/Unity/Hub/Editor/6000.0.44f1/Editor/Data/MonoBleedingEdge/lib/mono/unityjit-win32'
Mono config path = 'C:/Program Files/Unity/Hub/Editor/6000.0.44f1/Editor/Data/MonoBleedingEdge/etc'
Using monoOptions --debugger-agent=transport=dt_socket,embedding=1,server=y,suspend=n,address=127.0.0.1:56520
Begin MonoManager ReloadAssembly
Registering precompiled unity dll's ...
Register platform support module: C:/Program Files/Unity/Hub/Editor/6000.0.44f1/Editor/Data/PlaybackEngines/WindowsStandaloneSupport/UnityEditor.WindowsStandalone.Extensions.dll
Registered in 0.004168 seconds.
- Loaded All Assemblies, in  0.776 seconds
Native extension for WindowsStandalone target not found
Mono: successfully reloaded assembly
- Finished resetting the current domain, in  0.348 seconds
Domain Reload Profiling: 1119ms
	BeginReloadAssembly (130ms)
		ExecutionOrderSort (0ms)
		DisableScriptedObjects (0ms)
		BackupInstance (0ms)
		ReleaseScriptingObjects (0ms)
		CreateAndSetChildDomain (1ms)
	RebuildCommonClasses (36ms)
	RebuildNativeTypeToScriptingClass (11ms)
	initialDomainReloadingComplete (52ms)
	LoadAllAssembliesAndSetupDomain (542ms)
		LoadAssemblies (127ms)
		RebuildTransferFunctionScriptingTraits (0ms)
		AnalyzeDomain (539ms)
			TypeCache.Refresh (537ms)
				TypeCache.ScanAssembly (526ms)
			BuildScriptInfoCaches (0ms)
			ResolveRequiredComponents (1ms)
	FinalizeReload (348ms)
		ReleaseScriptCaches (0ms)
		RebuildScriptCaches (0ms)
		SetupLoadedEditorAssemblies (306ms)
			LogAssemblyErrors (0ms)
			InitializePlatformSupportModulesInManaged (22ms)
			SetLoadedEditorAssemblies (4ms)
			BeforeProcessingInitializeOnLoad (53ms)
			ProcessInitializeOnLoadAttributes (155ms)
			ProcessInitializeOnLoadMethodAttributes (72ms)
			AfterProcessingInitializeOnLoad (0ms)
			EditorAssembliesLoaded (0ms)
		ExecutionOrderSort2 (0ms)
		AwakeInstancesAfterBackupRestoration (0ms)
========================================================================
Worker process is ready to serve import requests
Import Worker Mode flag is 0x00
Begin MonoManager ReloadAssembly
- Loaded All Assemblies, in  0.828 seconds
Refreshing native plugins compatible for Editor in 2.92 ms, found 4 plugins.
Native extension for WindowsStandalone target not found
Mono: successfully reloaded assembly
- Finished resetting the current domain, in  1.365 seconds
Domain Reload Profiling: 2186ms
	BeginReloadAssembly (165ms)
		ExecutionOrderSort (0ms)
		DisableScriptedObjects (7ms)
		BackupInstance (0ms)
		ReleaseScriptingObjects (0ms)
		CreateAndSetChildDomain (31ms)
	RebuildCommonClasses (31ms)
	RebuildNativeTypeToScriptingClass (10ms)
	initialDomainReloadingComplete (40ms)
	LoadAllAssembliesAndSetupDomain (575ms)
		LoadAssemblies (401ms)
		RebuildTransferFunctionScriptingTraits (0ms)
		AnalyzeDomain (269ms)
			TypeCache.Refresh (192ms)
				TypeCache.ScanAssembly (175ms)
			BuildScriptInfoCaches (64ms)
			ResolveRequiredComponents (10ms)
	FinalizeReload (1365ms)
		ReleaseScriptCaches (0ms)
		RebuildScriptCaches (0ms)
		SetupLoadedEditorAssemblies (708ms)
			LogAssemblyErrors (0ms)
			InitializePlatformSupportModulesInManaged (3ms)
			SetLoadedEditorAssemblies (3ms)
			BeforeProcessingInitializeOnLoad (121ms)
			ProcessInitializeOnLoadAttributes (442ms)
			ProcessInitializeOnLoadMethodAttributes (129ms)
			AfterProcessingInitializeOnLoad (9ms)
			EditorAssembliesLoaded (0ms)
		ExecutionOrderSort2 (0ms)
		AwakeInstancesAfterBackupRestoration (6ms)
Launched and connected shader compiler UnityShaderCompiler.exe after 0.02 seconds
Refreshing native plugins compatible for Editor in 3.35 ms, found 4 plugins.
Preloading 0 native plugins for Editor in 0.00 ms.
Unloading 220 Unused Serialized files (Serialized files now loaded: 0)
Unloading 6584 unused Assets / (4.6 MB). Loaded Objects now: 7297.
Memory consumption went from 180.4 MB to 175.8 MB.
Total: 9.181700 ms (FindLiveObjects: 0.861900 ms CreateObjectMapping: 0.649100 ms MarkObjects: 4.794300 ms  DeleteObjects: 2.874900 ms)

========================================================================
Received Import Request.
  Time since last request: 38759.417010 seconds.
  path: Assets/Backgrounds/Hopital_abandonado.png
  artifactKey: Guid(35e59f44d91748849a5e48d97159215c) Importer(815301076,1909f56bfc062723c751e8b465ee728b)
Start importing Assets/Backgrounds/Hopital_abandonado.png using Guid(35e59f44d91748849a5e48d97159215c) Importer(815301076,1909f56bfc062723c751e8b465ee728b) (PreviewImporter) -> (artifact id: 'f21be3299aa55e6864a982ba0a673cd9') in 0.789581 seconds
Number of updated asset objects reloaded before import = 0Number of asset objects unloaded after import = 258

========================================================================
Received Import Request.
  Time since last request: 0.000025 seconds.
  path: Assets/Backgrounds/Hopital_abandonado_9.asset
  artifactKey: Guid(2e5c86c966c75264582921673cdb92cd) Importer(815301076,1909f56bfc062723c751e8b465ee728b)
Start importing Assets/Backgrounds/Hopital_abandonado_9.asset using Guid(2e5c86c966c75264582921673cdb92cd) Importer(815301076,1909f56bfc062723c751e8b465ee728b) (PreviewImporter) -> (artifact id: 'f8ebf82291a2fda424a71c5dbc6c3446') in 0.0444408 seconds
Number of updated asset objects reloaded before import = 0Number of asset objects unloaded after import = 3

========================================================================
Received Import Request.
  Time since last request: 0.000025 seconds.
  path: Assets/Backgrounds/Hopital_abandonado_30.asset
  artifactKey: Guid(7b9427e4b8ba72442af981d1c629b3f4) Importer(815301076,1909f56bfc062723c751e8b465ee728b)
Start importing Assets/Backgrounds/Hopital_abandonado_30.asset using Guid(7b9427e4b8ba72442af981d1c629b3f4) Importer(815301076,1909f56bfc062723c751e8b465ee728b) (PreviewImporter) -> (artifact id: 'b7b07b47b8bcc9144d9531c2b7f5afa1') in 0.0164234 seconds
Number of updated asset objects reloaded before import = 0Number of asset objects unloaded after import = 3

========================================================================
Received Import Request.
  Time since last request: 0.000018 seconds.
  path: Assets/Backgrounds/Hopital_abandonado_5.asset
  artifactKey: Guid(1e6c58db04369cc46b9b6670c39996fa) Importer(815301076,1909f56bfc062723c751e8b465ee728b)
Start importing Assets/Backgrounds/Hopital_abandonado_5.asset using Guid(1e6c58db04369cc46b9b6670c39996fa) Importer(815301076,1909f56bfc062723c751e8b465ee728b) (PreviewImporter) -> (artifact id: 'a702b27a0c10ff6496968f2d7c703bbf') in 0.0185499 seconds
Number of updated asset objects reloaded before import = 0Number of asset objects unloaded after import = 3

========================================================================
Received Import Request.
  Time since last request: 0.000019 seconds.
  path: Assets/Backgrounds/Hopital_abandonado_41.asset
  artifactKey: Guid(0e486e425e004184b84c85c28c92314b) Importer(815301076,1909f56bfc062723c751e8b465ee728b)
Start importing Assets/Backgrounds/Hopital_abandonado_41.asset using Guid(0e486e425e004184b84c85c28c92314b) Importer(815301076,1909f56bfc062723c751e8b465ee728b) (PreviewImporter) -> (artifact id: '18a493d759aced07c203cceb6d39bbf1') in 0.0189794 seconds
Number of updated asset objects reloaded before import = 0Number of asset objects unloaded after import = 3

========================================================================
Received Import Request.
  Time since last request: 1.326148 seconds.
  path: Assets/Backgrounds/Hopital_abandonado_60.asset
  artifactKey: Guid(5efec3f229bd7ee4f89f8196d26d6fa7) Importer(815301076,1909f56bfc062723c751e8b465ee728b)
Start importing Assets/Backgrounds/Hopital_abandonado_60.asset using Guid(5efec3f229bd7ee4f89f8196d26d6fa7) Importer(815301076,1909f56bfc062723c751e8b465ee728b) (PreviewImporter) -> (artifact id: 'b8ac1d24ae8274c2b602f0cf0d3a0e6c') in 0.0216476 seconds
Number of updated asset objects reloaded before import = 0Number of asset objects unloaded after import = 3

========================================================================
Received Import Request.
  Time since last request: 0.000014 seconds.
  path: Assets/Backgrounds/Hopital_abandonado_71.asset
  artifactKey: Guid(61d5569272b868b4fa5c0e83a3125d45) Importer(815301076,1909f56bfc062723c751e8b465ee728b)
Start importing Assets/Backgrounds/Hopital_abandonado_71.asset using Guid(61d5569272b868b4fa5c0e83a3125d45) Importer(815301076,1909f56bfc062723c751e8b465ee728b) (PreviewImporter) -> (artifact id: 'eecd01a27403869e6215eea5a61c00a4') in 0.0168288 seconds
Number of updated asset objects reloaded before import = 0Number of asset objects unloaded after import = 3

========================================================================
Received Import Request.
  Time since last request: 0.000014 seconds.
  path: Assets/Backgrounds/Hopital_abandonado_67.asset
  artifactKey: Guid(bdb9da03b06295346b8deb9c003cc234) Importer(815301076,1909f56bfc062723c751e8b465ee728b)
Start importing Assets/Backgrounds/Hopital_abandonado_67.asset using Guid(bdb9da03b06295346b8deb9c003cc234) Importer(815301076,1909f56bfc062723c751e8b465ee728b) (PreviewImporter) -> (artifact id: 'baa79b0240abace872153102b8ebac07') in 0.0190792 seconds
Number of updated asset objects reloaded before import = 0Number of asset objects unloaded after import = 3

========================================================================
Received Import Request.
  Time since last request: 0.907031 seconds.
  path: Assets/Backgrounds/Hopital_abandonado_72.asset
  artifactKey: Guid(b54a39bb6698d0d4ab686d4475fc52f8) Importer(815301076,1909f56bfc062723c751e8b465ee728b)
Start importing Assets/Backgrounds/Hopital_abandonado_72.asset using Guid(b54a39bb6698d0d4ab686d4475fc52f8) Importer(815301076,1909f56bfc062723c751e8b465ee728b) (PreviewImporter) -> (artifact id: '4951d0e8178ce09d05bd5e29dd6f8bbb') in 0.021516 seconds
Number of updated asset objects reloaded before import = 0Number of asset objects unloaded after import = 3

========================================================================
Received Import Request.
  Time since last request: 0.000014 seconds.
  path: Assets/Backgrounds/Hopital_abandonado_78.asset
  artifactKey: Guid(b282a357456054149a58402fd1a0212d) Importer(815301076,1909f56bfc062723c751e8b465ee728b)
Start importing Assets/Backgrounds/Hopital_abandonado_78.asset using Guid(b282a357456054149a58402fd1a0212d) Importer(815301076,1909f56bfc062723c751e8b465ee728b) (PreviewImporter) -> (artifact id: 'c01da59fadbd61c0424729feb50baf08') in 0.020373 seconds
Number of updated asset objects reloaded before import = 0Number of asset objects unloaded after import = 3

========================================================================
Received Import Request.
  Time since last request: 0.000016 seconds.
  path: Assets/Backgrounds/Hopital_abandonado_83.asset
  artifactKey: Guid(2d161313910c2164e9e84b8fea01c946) Importer(815301076,1909f56bfc062723c751e8b465ee728b)
Start importing Assets/Backgrounds/Hopital_abandonado_83.asset using Guid(2d161313910c2164e9e84b8fea01c946) Importer(815301076,1909f56bfc062723c751e8b465ee728b) (PreviewImporter) -> (artifact id: '6c2e53940edfb98ce05c2e7e5526d354') in 0.0168786 seconds
Number of updated asset objects reloaded before import = 0Number of asset objects unloaded after import = 3

========================================================================
Received Import Request.
  Time since last request: 0.283702 seconds.
  path: Assets/Backgrounds/Hopital_abandonado_84.asset
  artifactKey: Guid(5dc183156c420b1468d6d5900cb6cd25) Importer(815301076,1909f56bfc062723c751e8b465ee728b)
Start importing Assets/Backgrounds/Hopital_abandonado_84.asset using Guid(5dc183156c420b1468d6d5900cb6cd25) Importer(815301076,1909f56bfc062723c751e8b465ee728b) (PreviewImporter) -> (artifact id: '95a4e5c5908bd65c00030e2b01dbeb08') in 0.0224784 seconds
Number of updated asset objects reloaded before import = 0Number of asset objects unloaded after import = 3

========================================================================
Received Import Request.
  Time since last request: 0.000015 seconds.
  path: Assets/Backgrounds/Hopital_abandonado_92.asset
  artifactKey: Guid(75ab4ba938825ea4abe8c5e03e28afb1) Importer(815301076,1909f56bfc062723c751e8b465ee728b)
Start importing Assets/Backgrounds/Hopital_abandonado_92.asset using Guid(75ab4ba938825ea4abe8c5e03e28afb1) Importer(815301076,1909f56bfc062723c751e8b465ee728b) (PreviewImporter) -> (artifact id: 'edc24d269ce49f842bd0f44499a6f882') in 0.0188939 seconds
Number of updated asset objects reloaded before import = 0Number of asset objects unloaded after import = 3

========================================================================
Received Import Request.
  Time since last request: 0.000014 seconds.
  path: Assets/Backgrounds/Hopital_abandonado_94.asset
  artifactKey: Guid(9ce1be7a9891be74d9586c833d21cfa7) Importer(815301076,1909f56bfc062723c751e8b465ee728b)
Start importing Assets/Backgrounds/Hopital_abandonado_94.asset using Guid(9ce1be7a9891be74d9586c833d21cfa7) Importer(815301076,1909f56bfc062723c751e8b465ee728b) (PreviewImporter) -> (artifact id: 'cea5a0dc747ee60ecb1ad6ecd0e3c6e8') in 0.0164485 seconds
Number of updated asset objects reloaded before import = 0Number of asset objects unloaded after import = 3

========================================================================
Received Import Request.
  Time since last request: 0.233808 seconds.
  path: Assets/Backgrounds/Hopital_abandonado_96.asset
  artifactKey: Guid(b5cef90f1416b644aacaf132631e6b2e) Importer(815301076,1909f56bfc062723c751e8b465ee728b)
Start importing Assets/Backgrounds/Hopital_abandonado_96.asset using Guid(b5cef90f1416b644aacaf132631e6b2e) Importer(815301076,1909f56bfc062723c751e8b465ee728b) (PreviewImporter) -> (artifact id: '353d48073bb713e2eda876bc055cdefa') in 0.0183072 seconds
Number of updated asset objects reloaded before import = 0Number of asset objects unloaded after import = 3

========================================================================
Received Import Request.
  Time since last request: 0.000014 seconds.
  path: Assets/Backgrounds/Hopital_abandonado_103.asset
  artifactKey: Guid(e7234a18cdd536745b31fb36d646ffec) Importer(815301076,1909f56bfc062723c751e8b465ee728b)
Start importing Assets/Backgrounds/Hopital_abandonado_103.asset using Guid(e7234a18cdd536745b31fb36d646ffec) Importer(815301076,1909f56bfc062723c751e8b465ee728b) (PreviewImporter) -> (artifact id: '370ec69d1aba8cdbce2025a5600c9df0') in 0.0201897 seconds
Number of updated asset objects reloaded before import = 0Number of asset objects unloaded after import = 3

========================================================================
Received Import Request.
  Time since last request: 0.000015 seconds.
  path: Assets/Backgrounds/Hopital_abandonado_101.asset
  artifactKey: Guid(add904a787bc9014fb74872b1e933d42) Importer(815301076,1909f56bfc062723c751e8b465ee728b)
Start importing Assets/Backgrounds/Hopital_abandonado_101.asset using Guid(add904a787bc9014fb74872b1e933d42) Importer(815301076,1909f56bfc062723c751e8b465ee728b) (PreviewImporter) -> (artifact id: 'a1faec12cc15002d250900fb326a0a2f') in 0.0173019 seconds
Number of updated asset objects reloaded before import = 0Number of asset objects unloaded after import = 3

========================================================================
Received Import Request.
  Time since last request: 8.274282 seconds.
  path: Assets/Backgrounds/Hopital_abandonado_108.asset
  artifactKey: Guid(3324b5bd00ddc5e46b44bbe7669833f3) Importer(815301076,1909f56bfc062723c751e8b465ee728b)
Start importing Assets/Backgrounds/Hopital_abandonado_108.asset using Guid(3324b5bd00ddc5e46b44bbe7669833f3) Importer(815301076,1909f56bfc062723c751e8b465ee728b) (PreviewImporter) -> (artifact id: '64372b72d31962f82a38db36c323e74c') in 0.0207177 seconds
Number of updated asset objects reloaded before import = 0Number of asset objects unloaded after import = 3

========================================================================
Received Import Request.
  Time since last request: 0.000019 seconds.
  path: Assets/Backgrounds/Hopital_abandonado_118.asset
  artifactKey: Guid(5adb4c342263f85448bff3e73fbc653b) Importer(815301076,1909f56bfc062723c751e8b465ee728b)
Start importing Assets/Backgrounds/Hopital_abandonado_118.asset using Guid(5adb4c342263f85448bff3e73fbc653b) Importer(815301076,1909f56bfc062723c751e8b465ee728b) (PreviewImporter) -> (artifact id: 'aec4f0c52ffce13e9a125c53466ff1c6') in 0.0211806 seconds
Number of updated asset objects reloaded before import = 0Number of asset objects unloaded after import = 3

========================================================================
Received Import Request.
  Time since last request: 0.000017 seconds.
  path: Assets/Backgrounds/Hopital_abandonado_112.asset
  artifactKey: Guid(9bd08d911713267428d91d9ae738abf8) Importer(815301076,1909f56bfc062723c751e8b465ee728b)
Start importing Assets/Backgrounds/Hopital_abandonado_112.asset using Guid(9bd08d911713267428d91d9ae738abf8) Importer(815301076,1909f56bfc062723c751e8b465ee728b) (PreviewImporter) -> (artifact id: '157be9f1046e1d912b0ac33823ab8e37') in 0.0183978 seconds
Number of updated asset objects reloaded before import = 0Number of asset objects unloaded after import = 3

========================================================================
Received Import Request.
  Time since last request: 0.045482 seconds.
  path: Assets/Backgrounds/Hopital_abandonado_120.asset
  artifactKey: Guid(66831aef0230c85488fbccde50eb5473) Importer(815301076,1909f56bfc062723c751e8b465ee728b)
Start importing Assets/Backgrounds/Hopital_abandonado_120.asset using Guid(66831aef0230c85488fbccde50eb5473) Importer(815301076,1909f56bfc062723c751e8b465ee728b) (PreviewImporter) -> (artifact id: 'e53d918d7ce352360d23e6a77d10b0fd') in 0.0164314 seconds
Number of updated asset objects reloaded before import = 0Number of asset objects unloaded after import = 3

========================================================================
Received Import Request.
  Time since last request: 0.000014 seconds.
  path: Assets/Backgrounds/Hopital_abandonado_130.asset
  artifactKey: Guid(77822311fb842e14d926fbc9af25c635) Importer(815301076,1909f56bfc062723c751e8b465ee728b)
Start importing Assets/Backgrounds/Hopital_abandonado_130.asset using Guid(77822311fb842e14d926fbc9af25c635) Importer(815301076,1909f56bfc062723c751e8b465ee728b) (PreviewImporter) -> (artifact id: 'e5ec85758d1fac7733527e22d6e4a278') in 0.0186522 seconds
Number of updated asset objects reloaded before import = 0Number of asset objects unloaded after import = 3

========================================================================
Received Import Request.
  Time since last request: 0.000016 seconds.
  path: Assets/Backgrounds/Hopital_abandonado_127.asset
  artifactKey: Guid(cf312a798b2f7b24996ed633c21258af) Importer(815301076,1909f56bfc062723c751e8b465ee728b)
Start importing Assets/Backgrounds/Hopital_abandonado_127.asset using Guid(cf312a798b2f7b24996ed633c21258af) Importer(815301076,1909f56bfc062723c751e8b465ee728b) (PreviewImporter) -> (artifact id: '018c5f4d7eadc573c34035f09c44f4cd') in 0.015854 seconds
Number of updated asset objects reloaded before import = 0Number of asset objects unloaded after import = 3

========================================================================
Received Import Request.
  Time since last request: 0.070669 seconds.
  path: Assets/Backgrounds/Hopital_abandonado_132.asset
  artifactKey: Guid(488c6a049d1d1354ca9b568c785c1333) Importer(815301076,1909f56bfc062723c751e8b465ee728b)
Start importing Assets/Backgrounds/Hopital_abandonado_132.asset using Guid(488c6a049d1d1354ca9b568c785c1333) Importer(815301076,1909f56bfc062723c751e8b465ee728b) (PreviewImporter) -> (artifact id: '5f1661f10d075ae3598b28b7c929a8fd') in 0.0169724 seconds
Number of updated asset objects reloaded before import = 0Number of asset objects unloaded after import = 3

========================================================================
Received Import Request.
  Time since last request: 0.000017 seconds.
  path: Assets/Backgrounds/Hopital_abandonado_139.asset
  artifactKey: Guid(be98ecbd490bf8943a6ea09005a7d7fe) Importer(815301076,1909f56bfc062723c751e8b465ee728b)
Start importing Assets/Backgrounds/Hopital_abandonado_139.asset using Guid(be98ecbd490bf8943a6ea09005a7d7fe) Importer(815301076,1909f56bfc062723c751e8b465ee728b) (PreviewImporter) -> (artifact id: '394418513d3318f8dfdf55632c615052') in 0.0173964 seconds
Number of updated asset objects reloaded before import = 0Number of asset objects unloaded after import = 3

========================================================================
Received Import Request.
  Time since last request: 0.000015 seconds.
  path: Assets/Backgrounds/Hopital_abandonado_140.asset
  artifactKey: Guid(19cb2b0ff21d792429cb2400d06d7fdf) Importer(815301076,1909f56bfc062723c751e8b465ee728b)
Start importing Assets/Backgrounds/Hopital_abandonado_140.asset using Guid(19cb2b0ff21d792429cb2400d06d7fdf) Importer(815301076,1909f56bfc062723c751e8b465ee728b) (PreviewImporter) -> (artifact id: '8a1ec09b64e9ad5a48bc086b5666d059') in 0.0151854 seconds
Number of updated asset objects reloaded before import = 0Number of asset objects unloaded after import = 3

========================================================================
Received Import Request.
  Time since last request: 0.382922 seconds.
  path: Assets/Backgrounds/Hopital_abandonado_144.asset
  artifactKey: Guid(ef80127fd8529f34698ad3b7a3b42a21) Importer(815301076,1909f56bfc062723c751e8b465ee728b)
Start importing Assets/Backgrounds/Hopital_abandonado_144.asset using Guid(ef80127fd8529f34698ad3b7a3b42a21) Importer(815301076,1909f56bfc062723c751e8b465ee728b) (PreviewImporter) -> (artifact id: '1967a20a6df342e740311279149d5b02') in 0.0157986 seconds
Number of updated asset objects reloaded before import = 0Number of asset objects unloaded after import = 3

========================================================================
Received Import Request.
  Time since last request: 0.000019 seconds.
  path: Assets/Backgrounds/Hopital_abandonado_149.asset
  artifactKey: Guid(c1709239e4e112c4f81049e845d60442) Importer(815301076,1909f56bfc062723c751e8b465ee728b)
Start importing Assets/Backgrounds/Hopital_abandonado_149.asset using Guid(c1709239e4e112c4f81049e845d60442) Importer(815301076,1909f56bfc062723c751e8b465ee728b) (PreviewImporter) -> (artifact id: '2325fcbc9d09aa71e672b33c58ec210f') in 0.0184065 seconds
Number of updated asset objects reloaded before import = 0Number of asset objects unloaded after import = 3

========================================================================
Received Import Request.
  Time since last request: 0.000034 seconds.
  path: Assets/Backgrounds/Hopital_abandonado_155.asset
  artifactKey: Guid(f1372d32f9934f5498e977fbcc8f2b76) Importer(815301076,1909f56bfc062723c751e8b465ee728b)
Start importing Assets/Backgrounds/Hopital_abandonado_155.asset using Guid(f1372d32f9934f5498e977fbcc8f2b76) Importer(815301076,1909f56bfc062723c751e8b465ee728b) (PreviewImporter) -> (artifact id: '1c7658987ced87e361e57362e328a534') in 0.0179503 seconds
Number of updated asset objects reloaded before import = 0Number of asset objects unloaded after import = 3

========================================================================
Received Import Request.
  Time since last request: 0.000022 seconds.
  path: Assets/Backgrounds/Hopital_abandonado_158.asset
  artifactKey: Guid(f68e0450a0dd64e43b3b171b9c3c3dcd) Importer(815301076,1909f56bfc062723c751e8b465ee728b)
Start importing Assets/Backgrounds/Hopital_abandonado_158.asset using Guid(f68e0450a0dd64e43b3b171b9c3c3dcd) Importer(815301076,1909f56bfc062723c751e8b465ee728b) (PreviewImporter) -> (artifact id: '6ff6dea490bb0e2db7fca1b66f1fd423') in 0.0169523 seconds
Number of updated asset objects reloaded before import = 0Number of asset objects unloaded after import = 3

========================================================================
Received Import Request.
  Time since last request: 0.000022 seconds.
  path: Assets/Backgrounds/Hopital_abandonado_160.asset
  artifactKey: Guid(1fec2a1b28831004ba0929da3152e87d) Importer(815301076,1909f56bfc062723c751e8b465ee728b)
Start importing Assets/Backgrounds/Hopital_abandonado_160.asset using Guid(1fec2a1b28831004ba0929da3152e87d) Importer(815301076,1909f56bfc062723c751e8b465ee728b) (PreviewImporter) -> (artifact id: 'd17d6cb4101161636d7288797500ea3a') in 0.0170518 seconds
Number of updated asset objects reloaded before import = 0Number of asset objects unloaded after import = 3

========================================================================
Received Import Request.
  Time since last request: 0.000017 seconds.
  path: Assets/Backgrounds/Hopital_abandonado_163.asset
  artifactKey: Guid(9b870c7114b49d941b21cec1f44c227c) Importer(815301076,1909f56bfc062723c751e8b465ee728b)
Start importing Assets/Backgrounds/Hopital_abandonado_163.asset using Guid(9b870c7114b49d941b21cec1f44c227c) Importer(815301076,1909f56bfc062723c751e8b465ee728b) (PreviewImporter) -> (artifact id: '02ca120a24596eff282558bb08f934d1') in 0.0170391 seconds
Number of updated asset objects reloaded before import = 0Number of asset objects unloaded after import = 3

========================================================================
Received Import Request.
  Time since last request: 0.917013 seconds.
  path: Assets/Backgrounds/Hopital_abandonado_168.asset
  artifactKey: Guid(3c49a33fc9131d94590bfe3b66c91304) Importer(815301076,1909f56bfc062723c751e8b465ee728b)
Start importing Assets/Backgrounds/Hopital_abandonado_168.asset using Guid(3c49a33fc9131d94590bfe3b66c91304) Importer(815301076,1909f56bfc062723c751e8b465ee728b) (PreviewImporter) -> (artifact id: '55aec5a78987a74bc5a167390b491987') in 0.0189469 seconds
Number of updated asset objects reloaded before import = 0Number of asset objects unloaded after import = 3

========================================================================
Received Import Request.
  Time since last request: 0.000018 seconds.
  path: Assets/Backgrounds/Hopital_abandonado_175.asset
  artifactKey: Guid(c571c119c3fee1e48955c7c845c8c945) Importer(815301076,1909f56bfc062723c751e8b465ee728b)
Start importing Assets/Backgrounds/Hopital_abandonado_175.asset using Guid(c571c119c3fee1e48955c7c845c8c945) Importer(815301076,1909f56bfc062723c751e8b465ee728b) (PreviewImporter) -> (artifact id: '04f1e115ebd43610f95195fc747da098') in 0.0181785 seconds
Number of updated asset objects reloaded before import = 0Number of asset objects unloaded after import = 3

========================================================================
Received Import Request.
  Time since last request: 0.000020 seconds.
  path: Assets/Backgrounds/Hopital_abandonado_179.asset
  artifactKey: Guid(5f269ce7573c87c4fab0c19cde60955d) Importer(815301076,1909f56bfc062723c751e8b465ee728b)
Start importing Assets/Backgrounds/Hopital_abandonado_179.asset using Guid(5f269ce7573c87c4fab0c19cde60955d) Importer(815301076,1909f56bfc062723c751e8b465ee728b) (PreviewImporter) -> (artifact id: '9b91f3d273ce1259209a18a384824442') in 0.0172149 seconds
Number of updated asset objects reloaded before import = 0Number of asset objects unloaded after import = 3

========================================================================
Received Import Request.
  Time since last request: 0.234311 seconds.
  path: Assets/Backgrounds/Hopital_abandonado_180.asset
  artifactKey: Guid(6911078ef9af40e46983b70e4b8c9137) Importer(815301076,1909f56bfc062723c751e8b465ee728b)
Start importing Assets/Backgrounds/Hopital_abandonado_180.asset using Guid(6911078ef9af40e46983b70e4b8c9137) Importer(815301076,1909f56bfc062723c751e8b465ee728b) (PreviewImporter) -> (artifact id: '5c1354594d93b2e888a42cd1b909446a') in 0.0167475 seconds
Number of updated asset objects reloaded before import = 0Number of asset objects unloaded after import = 3

========================================================================
Received Import Request.
  Time since last request: 0.000014 seconds.
  path: Assets/Backgrounds/Hopital_abandonado_185.asset
  artifactKey: Guid(13c6313467f71884384e6d8fbca4ba3d) Importer(815301076,1909f56bfc062723c751e8b465ee728b)
Start importing Assets/Backgrounds/Hopital_abandonado_185.asset using Guid(13c6313467f71884384e6d8fbca4ba3d) Importer(815301076,1909f56bfc062723c751e8b465ee728b) (PreviewImporter) -> (artifact id: '5324a85bdb9a6b8b5a4bb292906227db') in 0.0178549 seconds
Number of updated asset objects reloaded before import = 0Number of asset objects unloaded after import = 3

========================================================================
Received Import Request.
  Time since last request: 0.000021 seconds.
  path: Assets/Backgrounds/Hopital_abandonado_184.asset
  artifactKey: Guid(9474fdeecf4a65840b8f2c94e6321389) Importer(815301076,1909f56bfc062723c751e8b465ee728b)
Start importing Assets/Backgrounds/Hopital_abandonado_184.asset using Guid(9474fdeecf4a65840b8f2c94e6321389) Importer(815301076,1909f56bfc062723c751e8b465ee728b) (PreviewImporter) -> (artifact id: '6c5da7312c230fcd599d0059e49ef915') in 0.0167305 seconds
Number of updated asset objects reloaded before import = 0Number of asset objects unloaded after import = 3

========================================================================
Received Import Request.
  Time since last request: 0.000014 seconds.
  path: Assets/Backgrounds/Hopital_abandonado_196.asset
  artifactKey: Guid(396aad440f8933044ad3f35faa43932d) Importer(815301076,1909f56bfc062723c751e8b465ee728b)
Start importing Assets/Backgrounds/Hopital_abandonado_196.asset using Guid(396aad440f8933044ad3f35faa43932d) Importer(815301076,1909f56bfc062723c751e8b465ee728b) (PreviewImporter) -> (artifact id: '752faa21d99ebd2319ba23ef73b46cf1') in 0.0167618 seconds
Number of updated asset objects reloaded before import = 0Number of asset objects unloaded after import = 3

========================================================================
Received Import Request.
  Time since last request: 0.000020 seconds.
  path: Assets/Backgrounds/Hopital_abandonado_195.asset
  artifactKey: Guid(c6106cb4ce9b891448ed0ce5ba88c7aa) Importer(815301076,1909f56bfc062723c751e8b465ee728b)
Start importing Assets/Backgrounds/Hopital_abandonado_195.asset using Guid(c6106cb4ce9b891448ed0ce5ba88c7aa) Importer(815301076,1909f56bfc062723c751e8b465ee728b) (PreviewImporter) -> (artifact id: '79d2a742a6df13c0d420a393b73d578c') in 0.0170105 seconds
Number of updated asset objects reloaded before import = 0Number of asset objects unloaded after import = 3

========================================================================
Received Import Request.
  Time since last request: 0.000025 seconds.
  path: Assets/Backgrounds/Hopital_abandonado_201.asset
  artifactKey: Guid(78047b059fc55e4418da579c1c75974a) Importer(815301076,1909f56bfc062723c751e8b465ee728b)
Start importing Assets/Backgrounds/Hopital_abandonado_201.asset using Guid(78047b059fc55e4418da579c1c75974a) Importer(815301076,1909f56bfc062723c751e8b465ee728b) (PreviewImporter) -> (artifact id: 'd608f4724586d6a23863b7f5d312ebe7') in 0.0185953 seconds
Number of updated asset objects reloaded before import = 0Number of asset objects unloaded after import = 3

========================================================================
Received Import Request.
  Time since last request: 0.083053 seconds.
  path: Assets/Backgrounds/Hopital_abandonado_204.asset
  artifactKey: Guid(22a6e331f3e8cb34682effb18a587dc7) Importer(815301076,1909f56bfc062723c751e8b465ee728b)
Start importing Assets/Backgrounds/Hopital_abandonado_204.asset using Guid(22a6e331f3e8cb34682effb18a587dc7) Importer(815301076,1909f56bfc062723c751e8b465ee728b) (PreviewImporter) -> (artifact id: '53a1a29cffd31eccc4ef74823fcd0432') in 0.014916 seconds
Number of updated asset objects reloaded before import = 0Number of asset objects unloaded after import = 3

========================================================================
Received Import Request.
  Time since last request: 0.000017 seconds.
  path: Assets/Backgrounds/Hopital_abandonado_212.asset
  artifactKey: Guid(0118da70067db764583fc567360b7959) Importer(815301076,1909f56bfc062723c751e8b465ee728b)
Start importing Assets/Backgrounds/Hopital_abandonado_212.asset using Guid(0118da70067db764583fc567360b7959) Importer(815301076,1909f56bfc062723c751e8b465ee728b) (PreviewImporter) -> (artifact id: 'd82aedcce54ed973741a5cc714f62efd') in 0.0181679 seconds
Number of updated asset objects reloaded before import = 0Number of asset objects unloaded after import = 3

========================================================================
Received Import Request.
  Time since last request: 0.000028 seconds.
  path: Assets/Backgrounds/Hopital_abandonado_211.asset
  artifactKey: Guid(ec63fbb082de59b499dc3447bcb220c9) Importer(815301076,1909f56bfc062723c751e8b465ee728b)
Start importing Assets/Backgrounds/Hopital_abandonado_211.asset using Guid(ec63fbb082de59b499dc3447bcb220c9) Importer(815301076,1909f56bfc062723c751e8b465ee728b) (PreviewImporter) -> (artifact id: 'bddf80aa32586424322616dab57a5642') in 0.019987 seconds
Number of updated asset objects reloaded before import = 0Number of asset objects unloaded after import = 3

========================================================================
Received Import Request.
  Time since last request: 0.394404 seconds.
  path: Assets/Backgrounds/Hopital_abandonado_216.asset
  artifactKey: Guid(bbe1d40962d126644a82814ebcda9144) Importer(815301076,1909f56bfc062723c751e8b465ee728b)
Start importing Assets/Backgrounds/Hopital_abandonado_216.asset using Guid(bbe1d40962d126644a82814ebcda9144) Importer(815301076,1909f56bfc062723c751e8b465ee728b) (PreviewImporter) -> (artifact id: 'b7b53d91205bf228e4cc12180440acac') in 0.0182254 seconds
Number of updated asset objects reloaded before import = 0Number of asset objects unloaded after import = 3

========================================================================
Received Import Request.
  Time since last request: 0.000016 seconds.
  path: Assets/Backgrounds/Hopital_abandonado_222.asset
  artifactKey: Guid(bba96f3a98e49e641bf4621c66abac7b) Importer(815301076,1909f56bfc062723c751e8b465ee728b)
Start importing Assets/Backgrounds/Hopital_abandonado_222.asset using Guid(bba96f3a98e49e641bf4621c66abac7b) Importer(815301076,1909f56bfc062723c751e8b465ee728b) (PreviewImporter) -> (artifact id: 'b90c082f0f1d1f099995a4c2c690ed63') in 0.0180934 seconds
Number of updated asset objects reloaded before import = 0Number of asset objects unloaded after import = 3

========================================================================
Received Import Request.
  Time since last request: 0.000020 seconds.
  path: Assets/Backgrounds/Hopital_abandonado_220.asset
  artifactKey: Guid(8c90a94f25b7e214694c1e3f135e9258) Importer(815301076,1909f56bfc062723c751e8b465ee728b)
Start importing Assets/Backgrounds/Hopital_abandonado_220.asset using Guid(8c90a94f25b7e214694c1e3f135e9258) Importer(815301076,1909f56bfc062723c751e8b465ee728b) (PreviewImporter) -> (artifact id: '27cb7220b401558d39207b936d897970') in 0.0164105 seconds
Number of updated asset objects reloaded before import = 0Number of asset objects unloaded after import = 3

========================================================================
Received Import Request.
  Time since last request: 0.000016 seconds.
  path: Assets/Backgrounds/Hopital_abandonado_249.asset
  artifactKey: Guid(f6f545c269aaa7d469ff277781a3c726) Importer(815301076,1909f56bfc062723c751e8b465ee728b)
Start importing Assets/Backgrounds/Hopital_abandonado_249.asset using Guid(f6f545c269aaa7d469ff277781a3c726) Importer(815301076,1909f56bfc062723c751e8b465ee728b) (PreviewImporter) -> (artifact id: 'edcd27c3ba2924398c8a9701514d6329') in 0.0224571 seconds
Number of updated asset objects reloaded before import = 0Number of asset objects unloaded after import = 3

========================================================================
Received Import Request.
  Time since last request: 0.000015 seconds.
  path: Assets/Backgrounds/Hopital_abandonado_240.asset
  artifactKey: Guid(db8deec2af5fcfa4996734598cf20177) Importer(815301076,1909f56bfc062723c751e8b465ee728b)
Start importing Assets/Backgrounds/Hopital_abandonado_240.asset using Guid(db8deec2af5fcfa4996734598cf20177) Importer(815301076,1909f56bfc062723c751e8b465ee728b) (PreviewImporter) -> (artifact id: 'ebfbd976ce7e22840e07b5bc0900ae1e') in 0.0159498 seconds
Number of updated asset objects reloaded before import = 0Number of asset objects unloaded after import = 3

========================================================================
Received Import Request.
  Time since last request: 0.000014 seconds.
  path: Assets/Backgrounds/Hopital_abandonado_246.asset
  artifactKey: Guid(41e325398570e374c9356842568d4616) Importer(815301076,1909f56bfc062723c751e8b465ee728b)
Start importing Assets/Backgrounds/Hopital_abandonado_246.asset using Guid(41e325398570e374c9356842568d4616) Importer(815301076,1909f56bfc062723c751e8b465ee728b) (PreviewImporter) -> (artifact id: '4fc8b6af62e84a36b55ebcb63e01e75e') in 0.0180137 seconds
Number of updated asset objects reloaded before import = 0Number of asset objects unloaded after import = 3

========================================================================
Received Import Request.
  Time since last request: 0.000017 seconds.
  path: Assets/Backgrounds/Hopital_abandonado_233.asset
  artifactKey: Guid(0f103e7eae02cc44b9ff207e831a2a13) Importer(815301076,1909f56bfc062723c751e8b465ee728b)
Start importing Assets/Backgrounds/Hopital_abandonado_233.asset using Guid(0f103e7eae02cc44b9ff207e831a2a13) Importer(815301076,1909f56bfc062723c751e8b465ee728b) (PreviewImporter) -> (artifact id: '5fa5128644aa6839a6ad95612d064af3') in 0.0174426 seconds
Number of updated asset objects reloaded before import = 0Number of asset objects unloaded after import = 3

========================================================================
Received Import Request.
  Time since last request: 0.000020 seconds.
  path: Assets/Backgrounds/Hopital_abandonado_232.asset
  artifactKey: Guid(bc6b3a293f98f3a4db71e43f12342607) Importer(815301076,1909f56bfc062723c751e8b465ee728b)
Start importing Assets/Backgrounds/Hopital_abandonado_232.asset using Guid(bc6b3a293f98f3a4db71e43f12342607) Importer(815301076,1909f56bfc062723c751e8b465ee728b) (PreviewImporter) -> (artifact id: 'fe6fbc198200cd2965d147383fdeedab') in 0.017951 seconds
Number of updated asset objects reloaded before import = 0Number of asset objects unloaded after import = 3

========================================================================
Received Import Request.
  Time since last request: 0.000027 seconds.
  path: Assets/Backgrounds/Hopital_abandonado_230.asset
  artifactKey: Guid(22475ea2c2ef03942ae143cc067d988f) Importer(815301076,1909f56bfc062723c751e8b465ee728b)
Start importing Assets/Backgrounds/Hopital_abandonado_230.asset using Guid(22475ea2c2ef03942ae143cc067d988f) Importer(815301076,1909f56bfc062723c751e8b465ee728b) (PreviewImporter) -> (artifact id: '2d851529c9637c318ee7f76f394a7891') in 0.0152523 seconds
Number of updated asset objects reloaded before import = 0Number of asset objects unloaded after import = 3

Editor requested this worker to shutdown with reason: Scaling down because of idle timeout
AssetImportWorker is now disconnected from the server
Process exiting
Exiting without the bug reporter. Application will terminate with return code 0